#
# A fatal error has been detected by the Java Runtime Environment:
#
#  Internal Error (jvmciRuntime.cpp:1609), pid=27, tid=41
#  fatal error: Fatal exception in JVMCI: Error calling jdk.vm.ci.services.Services.serializeSavedProperties
#
# JRE version: OpenJDK Runtime Environment GraalVM CE 22.3.0 (17.0.5+8) (build 17.0.5+8-jvmci-22.3-b08)
# Java VM: OpenJDK 64-Bit Server VM GraalVM CE 22.3.0 (17.0.5+8-jvmci-22.3-b08, mixed mode, sharing, tiered, jvmci, jvmci compiler, compressed oops, compressed class ptrs, parallel gc, linux-amd64)
# Problematic frame:
# V  [libjvm.so+0x972714]  JVMCIRuntime::fatal_exception(JVMCIEnv*, char const*)+0x74
#
# Core dump will be written. Default location: Core dumps may be processed with "/usr/share/apport/apport -p%p -s%s -c%c -d%d -P%P -u%u -g%g -- %E" (or dumping to /home/runner/class1-1/core.27)
#
# If you would like to submit a bug report, please visit:
#   https://github.com/oracle/graal/issues
#

---------------  S U M M A R Y ------------

Command Line: -XX:ThreadPriorityPolicy=1 -XX:+UnlockExperimentalVMOptions -XX:+EnableJVMCIProduct -XX:JVMCIThreadsPerNativeLibraryRuntime=1 -XX:-UnlockExperimentalVMOptions -Declipse.application=org.eclipse.jdt.ls.core.id1 -Dosgi.bundles.defaultStartLevel=4 -Declipse.product=org.eclipse.jdt.ls.core.product -Dlog.level=ALL -Xverify:none -XX:+UseParallelGC -XX:GCTimeRatio=4 -XX:AdaptiveSizePolicyWeight=90 -Dsun.zip.disableMemoryMapping=true -Xmx512m -Xms100m /nix/store/m6gcpi1ii6rghy04cjwjddcavv7i90df-jdt-language-server-1.9.0/share/java/plugins/org.eclipse.equinox.launcher_1.6.400.v20210924-0641.jar --add-modules=ALL-SYSTEM --add-opens java.base/java.util=ALL-UNNAMED --add-opens java.base/java.lang=ALL-UNNAMED -configuration /home/runner/.cache/jdt-language-server/config -data /home/runner/.cache/jdt-language-server/data/home/runner/class1-1

Host: AMD EPYC 7B12, 8 cores, 1G, Ubuntu 20.04.2 LTS
Time: Tue Jun 13 00:10:13 2023 UTC elapsed time: 459.237114 seconds (0d 0h 7m 39s)

---------------  T H R E A D  ---------------

Current thread (0x00007f84ec0b21b0):  JavaThread "JVMCI-native CompilerThread0" daemon [_thread_in_vm, id=41, stack(0x00007f84d141a000,0x00007f84d161a000)]


Current CompileTask:
JVMCI-native: 459237 7946   !   4       org.eclipse.osgi.internal.loader.BundleLoader::findClass0 (461 bytes)

Stack: [0x00007f84d141a000,0x00007f84d161a000],  sp=0x00007f84d1618380,  free space=2040k
Native frames: (J=compiled Java code, j=interpreted, Vv=VM code, C=native code)
V  [libjvm.so+0x972714]  JVMCIRuntime::fatal_exception(JVMCIEnv*, char const*)+0x74
V  [libjvm.so+0x93e2fe]  JVMCIEnv::copy_saved_properties()+0x14e
V  [libjvm.so+0x9732a9]  JVMCIRuntime::initialize(JVMCIEnv*)+0xb19
V  [libjvm.so+0x9738a2]  JVMCIRuntime::get_HotSpotJVMCIRuntime(JVMCIEnv*)+0x12
V  [libjvm.so+0x9749f2]  JVMCIRuntime::compile_method(JVMCIEnv*, JVMCICompiler*, methodHandle const&, int)+0xd2
V  [libjvm.so+0x5b0d20]  CompileBroker::invoke_compiler_on_method(CompileTask*)+0x1470
V  [libjvm.so+0x5b12e8]  CompileBroker::compiler_thread_loop()+0x528
V  [libjvm.so+0xd82460]  JavaThread::thread_main_inner()+0xd0
V  [libjvm.so+0xd85a40]  Thread::call_run()+0xc0
V  [libjvm.so+0xbdb1e1]  thread_native_entry(Thread*)+0xe1

Register to memory mapping:

RAX=0x00007f84f1114000 points into unknown readable memory: 0x0000000000000058 | 58 00 00 00 00 00 00 00
RBX=0x00007f84f220f398: <offset 0x0000000000ef5398> in /nix/store/gpxl5qgg8kicmcvivwmybwjlpf7wh20l-graalvm17-ce-22.3.0/lib/server/libjvm.so at 0x00007f84f131a000
RCX=0x00007f84f21c71e8: <offset 0x0000000000ead1e8> in /nix/store/gpxl5qgg8kicmcvivwmybwjlpf7wh20l-graalvm17-ce-22.3.0/lib/server/libjvm.so at 0x00007f84f131a000
RDX=0x0000000000000649 is an unknown value
RSP=0x00007f84d1618380 is pointing into the stack for thread: 0x00007f84ec0b21b0
RBP=0x00007f84d16183a0 is pointing into the stack for thread: 0x00007f84ec0b21b0
RSI=0x00007f84f220fc48: <offset 0x0000000000ef5c48> in /nix/store/gpxl5qgg8kicmcvivwmybwjlpf7wh20l-graalvm17-ce-22.3.0/lib/server/libjvm.so at 0x00007f84f131a000
RDI=0x00000000e0000000 is an oop: java.lang.String 
{0x00000000e0000000} - klass: 'java/lang/String'
 - string: "resolution"
R8 =0x00007f84f220f398: <offset 0x0000000000ef5398> in /nix/store/gpxl5qgg8kicmcvivwmybwjlpf7wh20l-graalvm17-ce-22.3.0/lib/server/libjvm.so at 0x00007f84f131a000
R9 =0x00007f84d1618330 is pointing into the stack for thread: 0x00007f84ec0b21b0
R10=0x00007f84d1619948 is pointing into the stack for thread: 0x00007f84ec0b21b0
R11=0x0000000000000293 is an unknown value
R12=0x0 is NULL
R13=0x00007f84ec0b21b0 is a thread
R14=0x00007f84ec000b80 points into unknown readable memory: 0x00007f84f2440a38 | 38 0a 44 f2 84 7f 00 00
R15=0x00007f84f254ee40: <offset 0x0000000001234e40> in /nix/store/gpxl5qgg8kicmcvivwmybwjlpf7wh20l-graalvm17-ce-22.3.0/lib/server/libjvm.so at 0x00007f84f131a000


Registers:
RAX=0x00007f84f1114000, RBX=0x00007f84f220f398, RCX=0x00007f84f21c71e8, RDX=0x0000000000000649
RSP=0x00007f84d1618380, RBP=0x00007f84d16183a0, RSI=0x00007f84f220fc48, RDI=0x00000000e0000000
R8 =0x00007f84f220f398, R9 =0x00007f84d1618330, R10=0x00007f84d1619948, R11=0x0000000000000293
R12=0x0000000000000000, R13=0x00007f84ec0b21b0, R14=0x00007f84ec000b80, R15=0x00007f84f254ee40
RIP=0x00007f84f1c8c714, EFLAGS=0x0000000000010206, CSGSFS=0x002b000000000033, ERR=0x0000000000000006
  TRAPNO=0x000000000000000e

Top of Stack: (sp=0x00007f84d1618380)
0x00007f84d1618380:   00007f84d1618940 00007f84ec0b21b0
0x00007f84d1618390:   00007f84f0aa58c8 0000000800c417a0
0x00007f84d16183a0:   00007f84d1618500 00007f84f1c582fe
0x00007f84d16183b0:   00007f84d16183e0 00007f84d1618440 

Instructions: (pc=0x00007f84f1c8c714)
0x00007f84f1c8c614:   30 e8 f6 cf e8 ff 4c 89 e7 e8 2e 48 d1 ff 84 db
0x00007f84f1c8c624:   75 2a 4d 85 ed 74 04 4d 8b 6d 00 48 83 c4 08 44
0x00007f84f1c8c634:   89 f9 4c 89 f2 4c 89 ee 5b 4c 89 e7 41 5c 41 5d
0x00007f84f1c8c644:   41 5e 41 5f 5d e9 e2 47 d1 ff 66 90 48 83 c4 08
0x00007f84f1c8c654:   5b 41 5c 41 5d 41 5e 41 5f 5d c3 90 31 d2 be 08
0x00007f84f1c8c664:   00 00 00 4c 89 ff e8 b1 78 a3 ff 49 89 c5 e9 37
0x00007f84f1c8c674:   ff ff ff 66 0f 1f 84 00 00 00 00 00 48 8b 7a 08
0x00007f84f1c8c684:   e9 6d ff ff ff 0f 1f 80 00 00 00 00 e8 5b 48 0a
0x00007f84f1c8c694:   00 84 c0 75 89 e9 6a ff ff ff 66 90 55 48 89 e5
0x00007f84f1c8c6a4:   41 56 41 55 41 54 49 89 fc 53 48 89 f3 66 48 8d
0x00007f84f1c8c6b4:   3d 27 5e 85 00 66 66 48 e8 df 43 8d ff 4c 8b 28
0x00007f84f1c8c6c4:   8b 05 be 72 8a 00 85 c0 75 14 ba 01 00 00 00 48
0x00007f84f1c8c6d4:   8d 0d ae 72 8a 00 f0 0f b1 11 85 c0 74 4e be c8
0x00007f84f1c8c6e4:   00 00 00 4c 89 ef e8 01 0b 41 00 48 8d 05 12 ac
0x00007f84f1c8c6f4:   85 00 49 89 d8 48 8d 0d e8 aa 53 00 ba 49 06 00
0x00007f84f1c8c704:   00 48 8d 35 3c 35 58 00 bf 00 00 00 e0 48 8b 00
0x00007f84f1c8c714:   c6 00 58 31 c0 e8 e2 91 c6 ff 5b 41 5c 41 5d 41
0x00007f84f1c8c724:   5e 5d e9 55 34 26 00 0f 1f 44 00 00 48 8d 05 81
0x00007f84f1c8c734:   a3 8b 00 48 89 df 4c 8b 30 e8 9e 43 8d ff 48 89
0x00007f84f1c8c744:   de 48 89 c2 49 8b 06 4c 89 f7 ff 50 08 4c 89 f7
0x00007f84f1c8c754:   e8 a7 5c 27 00 4d 85 e4 74 12 be 01 00 00 00 4c
0x00007f84f1c8c764:   89 e7 e8 35 43 fc ff eb 82 0f 1f 00 be 01 00 00
0x00007f84f1c8c774:   00 4c 89 ef e8 d3 fd ff ff e9 6d ff ff ff 66 66
0x00007f84f1c8c784:   2e 0f 1f 84 00 00 00 00 00 0f 1f 00 55 48 89 e5
0x00007f84f1c8c794:   41 57 41 56 41 55 41 54 53 48 81 ec 08 02 00 00
0x00007f84f1c8c7a4:   64 48 8b 04 25 28 00 00 00 48 89 45 c8 8b 07 83
0x00007f84f1c8c7b4:   f8 02 0f 84 11 04 00 00 4c 8b 6f 18 49 89 ff 49
0x00007f84f1c8c7c4:   89 f4 4d 85 ed 74 14 4c 89 ef e8 5d 57 22 00 41
0x00007f84f1c8c7d4:   8b 07 83 f8 02 0f 84 19 04 00 00 48 8d 1d 9a 06
0x00007f84f1c8c7e4:   8a 00 4c 8d 35 0b 3c 58 00 eb 38 90 48 85 d2 7f
0x00007f84f1c8c7f4:   0d 48 8d 05 b4 c0 85 00 48 83 38 00 7e 0e 41 8b
0x00007f84f1c8c804:   77 2c 4c 89 f7 31 c0 e8 a0 b2 f7 ff 49 8b 7f 18 


Stack slot to memory mapping:
stack at sp + 0 slots: 0x00007f84d1618940 is pointing into the stack for thread: 0x00007f84ec0b21b0
stack at sp + 1 slots: 0x00007f84ec0b21b0 is a thread
stack at sp + 2 slots: 0x00007f84f0aa58c8 points into unknown readable memory: 0x6573001880c9ffff | ff ff c9 80 18 00 73 65
stack at sp + 3 slots: 0x0000000800c417a0 is a pointer to class: 
jdk.vm.ci.services.Services {0x0000000800c417a0}
 - instance size:     2
 - klass size:        65
 - access:            public final synchronized 
 - state:             fully_initialized
 - name:              'jdk/vm/ci/services/Services'
 - super:             'java/lang/Object'
 - sub:               
 - arrays:            NULL
 - methods:           Array<T>(0x00007f84d1c433c0)
 - method ordering:   Array<T>(0x0000000800928960)
 - default_methods:   Array<T>(0x0000000000000000)
 - local interfaces:  Array<T>(0x00000008005ce810)
 - trans. interfaces: Array<T>(0x00000008005ce810)
 - constants:         constant pool [427] {0x00007f84d1c424a0} for 'jdk/vm/ci/services/Services' cache=0x00007f84d1c44690
 - class loader data:  loader data: 0x00007f84ec0283d0 of 'bootstrap'
 - source file:       'Services.java'
 - class annotations:       Array<T>(0x0000000000000000)
 - class type annotations:  Array<T>(0x0000000000000000)
 - field annotations:       Array<T>(0x0000000000000000)
 - field type annotations:  Array<T>(0x0000000000000000)
 - inner classes:     Array<T>(0x00007f84d1c44660)
 - nest members:     Array<T>(0x00007f84d1c44680)
 - permitted subclasses:     Array<T>(0x00000008005ce7a0)
 - java mirror:       a 'java/lang/Class'{0x00000000e01480d0} = 'jdk/vm/ci/services/Services'
 - vtable length      5  (start addr: 0x0000000800c41970)
 - itable length      2 (start addr: 0x0000000800c41998)
 - ---- static fields (3 words):
 - public static final 'IS_BUILDING_NATIVE_IMAGE' 'Z' @128 
 - public static final 'IS_IN_NATIVE_IMAGE' 'Z' @129 
 - private static volatile 'savedProperties' 'Ljava/util/Map;' @112 
 - static final 'JVMCI_ENABLED' 'Z' @130 
 - private static final 'servicesCache' 'Ljava/util/Map;' @116 
 - private static final 'MAX_UNICODE_IN_UTF8_LENGTH' 'I' @120 
 - private static final 'MAX_UTF8_PROPERTY_STRING_LENGTH' 'I' @124 
 - ---- non-static fields (0 words):
 - non-static oop maps: 
stack at sp + 4 slots: 0x00007f84d1618500 is pointing into the stack for thread: 0x00007f84ec0b21b0
stack at sp + 5 slots: 0x00007f84f1c582fe: <offset 0x000000000093e2fe> in /nix/store/gpxl5qgg8kicmcvivwmybwjlpf7wh20l-graalvm17-ce-22.3.0/lib/server/libjvm.so at 0x00007f84f131a000
stack at sp + 6 slots: 0x00007f84d16183e0 is pointing into the stack for thread: 0x00007f84ec0b21b0
stack at sp + 7 slots: 0x00007f84d1618440 is pointing into the stack for thread: 0x00007f84ec0b21b0


---------------  P R O C E S S  ---------------

Threads class SMR info:
_java_thread_list=0x00007f847403a6c0, length=27, elements={
0x00007f84ec026670, 0x00007f84ec0a64b0, 0x00007f84ec0a78f0, 0x00007f84ec0ae020,
0x00007f84ec0af3d0, 0x00007f84ec0b07c0, 0x00007f84ec0b21b0, 0x00007f84ec0b36c0,
0x00007f84ec0b4720, 0x00007f84ec0f79f0, 0x00007f84ec13f2e0, 0x00007f84ec303910,
0x00007f84ec340260, 0x00007f84ec341780, 0x00007f84ec5f40d0, 0x00007f8480016fe0,
0x00007f84802aab10, 0x00007f848030cef0, 0x00007f84740010d0, 0x00007f84804866f0,
0x00007f8480691920, 0x00007f84740074f0, 0x00007f84ec380f00, 0x00007f84ec4ad850,
0x00007f847c162900, 0x00007f847c161bb0, 0x00007f847403a9f0
}

Java Threads: ( => current thread )
  0x00007f84ec026670 JavaThread "main" [_thread_blocked, id=33, stack(0x00007f84f1135000,0x00007f84f1235000)]
  0x00007f84ec0a64b0 JavaThread "Reference Handler" daemon [_thread_blocked, id=36, stack(0x00007f84f014c000,0x00007f84f024c000)]
  0x00007f84ec0a78f0 JavaThread "Finalizer" daemon [_thread_blocked, id=37, stack(0x00007f84f004c000,0x00007f84f014c000)]
  0x00007f84ec0ae020 JavaThread "Signal Dispatcher" daemon [_thread_blocked, id=38, stack(0x00007f84d181a000,0x00007f84d191a000)]
  0x00007f84ec0af3d0 JavaThread "Service Thread" daemon [_thread_blocked, id=39, stack(0x00007f84d171a000,0x00007f84d181a000)]
  0x00007f84ec0b07c0 JavaThread "Monitor Deflation Thread" daemon [_thread_blocked, id=40, stack(0x00007f84d161a000,0x00007f84d171a000)]
=>0x00007f84ec0b21b0 JavaThread "JVMCI-native CompilerThread0" daemon [_thread_in_vm, id=41, stack(0x00007f84d141a000,0x00007f84d161a000)]
  0x00007f84ec0b36c0 JavaThread "C1 CompilerThread0" daemon [_thread_blocked, id=42, stack(0x00007f84d121a000,0x00007f84d141a000)]
  0x00007f84ec0b4720 JavaThread "Sweeper thread" daemon [_thread_blocked, id=43, stack(0x00007f84d111a000,0x00007f84d121a000)]
  0x00007f84ec0f79f0 JavaThread "Common-Cleaner" daemon [_thread_blocked, id=44, stack(0x00007f84d101a000,0x00007f84d111a000)]
  0x00007f84ec13f2e0 JavaThread "Notification Thread" daemon [_thread_blocked, id=47, stack(0x00007f84d0f1a000,0x00007f84d101a000)]
  0x00007f84ec303910 JavaThread "Active Thread: Equinox Container: 84c52906-797d-49c2-8f63-d1a4ed839f3b" [_thread_blocked, id=75, stack(0x00007f84d0c00000,0x00007f84d0d00000)]
  0x00007f84ec340260 JavaThread "Framework Event Dispatcher: Equinox Container: 84c52906-797d-49c2-8f63-d1a4ed839f3b" daemon [_thread_blocked, id=76, stack(0x00007f84d0a00000,0x00007f84d0b00000)]
  0x00007f84ec341780 JavaThread "Start Level: Equinox Container: 84c52906-797d-49c2-8f63-d1a4ed839f3b" daemon [_thread_blocked, id=77, stack(0x00007f84d0800000,0x00007f84d0900000)]
  0x00007f84ec5f40d0 JavaThread "Refresh Thread: Equinox Container: 84c52906-797d-49c2-8f63-d1a4ed839f3b" daemon [_thread_blocked, id=86, stack(0x00007f84d0600000,0x00007f84d0700000)]
  0x00007f8480016fe0 JavaThread "SCR Component Actor" daemon [_thread_blocked, id=87, stack(0x00007f84d0400000,0x00007f84d0500000)]
  0x00007f84802aab10 JavaThread "Worker-JM" [_thread_blocked, id=101, stack(0x00007f84d0000000,0x00007f84d0100000)]
  0x00007f848030cef0 JavaThread "Worker-0: Compacting resource model" [_thread_blocked, id=102, stack(0x00007f8498900000,0x00007f8498a00000)]
  0x00007f84740010d0 JavaThread "Worker-1: Periodic workspace save." [_thread_blocked, id=106, stack(0x00007f8498700000,0x00007f8498800000)]
  0x00007f84804866f0 JavaThread "Java indexing" daemon [_thread_blocked, id=108, stack(0x00007f8498500000,0x00007f8498600000)]
  0x00007f8480691920 JavaThread "Bundle File Closer" daemon [_thread_blocked, id=112, stack(0x00007f8498300000,0x00007f8498400000)]
  0x00007f84740074f0 JavaThread "Worker-2: Java indexing... " [_thread_blocked, id=118, stack(0x00007f8498100000,0x00007f8498200000)]
  0x00007f84ec380f00 JavaThread "pool-3-thread-1" [_thread_blocked, id=119, stack(0x00007f8498000000,0x00007f8498100000)]
  0x00007f84ec4ad850 JavaThread "pool-2-thread-1" [_thread_blocked, id=124, stack(0x00007f84d0200000,0x00007f84d0300000)]
  0x00007f847c162900 JavaThread "Thread-6" [_thread_blocked, id=207, stack(0x00007f8498400000,0x00007f8498500000)]
  0x00007f847c161bb0 JavaThread "Thread-8" [_thread_blocked, id=1226, stack(0x00007f8497f00000,0x00007f8498000000)]
  0x00007f847403a9f0 JavaThread "Worker-5" [_thread_blocked, id=1259, stack(0x00007f8497d00000,0x00007f8497e00000)]

Other Threads:
  0x00007f84ec0a1bf0 VMThread "VM Thread" [stack: 0x00007f84f024e000,0x00007f84f034e000] [id=35] _threads_hazard_ptr=0x00007f847403a6c0
  0x00007f84ec140c80 WatcherThread [stack: 0x00007f84d0e1a000,0x00007f84d0f1a000] [id=49]
  0x00007f84ec03df10 GCTaskThread "GC Thread#0" [stack: 0x00007f84f0cf8000,0x00007f84f0df8000] [id=34]

Threads with active compile tasks:
JVMCI-native CompilerThread0   459308 7946   !   4       org.eclipse.osgi.internal.loader.BundleLoader::findClass0 (461 bytes)
C1 CompilerThread0   459308 7948       3       org.eclipse.core.runtime.Status::interpolateMessage (41 bytes)

VM state: synchronizing (normal execution)

VM Mutex/Monitor currently owned by a thread:  ([mutex/lock_event])
[0x00007f84ec023820] Threads_lock - owner thread: 0x00007f84ec0a1bf0
[0x00007f84ec023fd0] Heap_lock - owner thread: 0x00007f847c161bb0

OutOfMemory and StackOverflow Exception counts:
OutOfMemoryError java_heap_errors=5
LinkageErrors=53

Heap address: 0x00000000e0000000, size: 512 MB, Compressed Oops mode: 32-bit

CDS archive(s) mapped at: [0x0000000800000000-0x0000000800bc8000-0x0000000800bc8000), size 12353536, SharedBaseAddress: 0x0000000800000000, ArchiveRelocationMode: 0.
Compressed class space mapped at: 0x0000000800c00000-0x0000000840c00000, reserved size: 1073741824
Narrow klass base: 0x0000000800000000, Narrow klass shift: 0, Narrow klass range: 0x100000000

GC Precious Log:
 CPUs: 8 total, 1 available
 Memory: 1024M
 Large Page Support: Disabled
 NUMA Support: Disabled
 Compressed Oops: Enabled (32-bit)
 Alignments: Space 512K, Generation 512K, Heap 2M
 Heap Min Capacity: 100M
 Heap Initial Capacity: 100M
 Heap Max Capacity: 512M
 Pre-touch: Disabled
 Parallel Workers: 1

Heap:
 PSYoungGen      total 43008K, used 32255K [0x00000000f5580000, 0x00000000fac80000, 0x0000000100000000)
  eden space 32256K, 99% used [0x00000000f5580000,0x00000000f74ffff0,0x00000000f7500000)
  from space 10752K, 0% used [0x00000000f7500000,0x00000000f7500000,0x00000000f7f80000)
  to   space 25600K, 0% used [0x00000000f9380000,0x00000000f9380000,0x00000000fac80000)
 ParOldGen       total 349696K, used 349695K [0x00000000e0000000, 0x00000000f5580000, 0x00000000f5580000)
  object space 349696K, 99% used [0x00000000e0000000,0x00000000f557fff0,0x00000000f5580000)
 Metaspace       used 54398K, committed 55296K, reserved 1105920K
  class space    used 5423K, committed 5824K, reserved 1048576K

Card table byte_map: [0x00007f84f0df8000,0x00007f84f0ef9000] _byte_map_base: 0x00007f84f06f8000

Marking Bits: (ParMarkBitMap*) 0x00007f84f25484c0
 Begin Bits: [0x00007f84d24b3000, 0x00007f84d2cb3000)
 End Bits:   [0x00007f84d2cb3000, 0x00007f84d34b3000)

Polling page: 0x00007f84f1112000

Metaspace:

Usage:
  Non-class:     47.83 MB used.
      Class:      5.30 MB used.
       Both:     53.12 MB used.

Virtual space:
  Non-class space:       56.00 MB reserved,      48.31 MB ( 86%) committed,  7 nodes.
      Class space:        1.00 GB reserved,       5.69 MB ( <1%) committed,  1 nodes.
             Both:        1.05 GB reserved,      54.00 MB (  5%) committed. 

Chunk freelists:
   Non-Class:  3.49 MB
       Class:  2.39 MB
        Both:  5.88 MB

MaxMetaspaceSize: unlimited
CompressedClassSpaceSize: 1.00 GB
Initial GC threshold: 21.00 MB
Current GC threshold: 89.94 MB
CDS: on
MetaspaceReclaimPolicy: balanced
 - commit_granule_bytes: 65536.
 - commit_granule_words: 8192.
 - virtual_space_node_default_size: 1048576.
 - enlarge_chunks_in_place: 1.
 - new_chunks_are_fully_committed: 0.
 - uncommit_free_chunks: 1.
 - use_allocation_guard: 0.
 - handle_deallocations: 1.


Internal statistics:

num_allocs_failed_limit: 6.
num_arena_births: 378.
num_arena_deaths: 76.
num_vsnodes_births: 8.
num_vsnodes_deaths: 0.
num_space_committed: 863.
num_space_uncommitted: 0.
num_chunks_returned_to_freelist: 103.
num_chunks_taken_from_freelist: 2436.
num_chunk_merges: 40.
num_chunk_splits: 1590.
num_chunks_enlarged: 1014.
num_purges: 4.
num_inconsistent_stats: 0.

CodeHeap 'non-profiled nmethods': size=120036Kb used=2684Kb max_used=2684Kb free=117351Kb
 bounds [0x00007f84daf7a000, 0x00007f84db21a000, 0x00007f84e24b3000]
CodeHeap 'profiled nmethods': size=120032Kb used=12914Kb max_used=15041Kb free=107117Kb
 bounds [0x00007f84d3a42000, 0x00007f84d4902000, 0x00007f84daf7a000]
CodeHeap 'non-nmethods': size=5692Kb used=1373Kb max_used=1390Kb free=4318Kb
 bounds [0x00007f84d34b3000, 0x00007f84d3723000, 0x00007f84d3a42000]
 total_blobs=6701 nmethods=5996 adapters=611
 compilation: enabled
              stopped_count=0, restarted_count=0
 full_count=0

JVMCI Events (20 events):
Event: 236.845 Thread 0x00007f84ec0b21b0 destroyed JavaVM[4]@0x00007f849739e340 for JVMCI runtime 0
Event: 236.845 Thread 0x00007f84ec0b21b0 compacted oop handles in JVMCI runtime 0 from 72 to 72
Event: 236.845 Thread 0x00007f84ec0b21b0 releasing handles for JVMCI runtime 0: oop handles=72, metadata handles={total=128, live=112, blocks=37}
Event: 236.845 Thread 0x00007f84ec0b21b0 detached from JVMCI runtime 0
Event: 248.434 Thread 0x00007f84ec0b21b0 attached to JVMCI runtime 0
Event: 248.435 Thread 0x00007f84ec0b21b0 created JavaVM[5]@0x00007f849739e340 for JVMCI runtime 0
Event: 249.533 Thread 0x00007f84ec0b21b0 initializing JVMCI runtime 0
Event: 249.533 Thread 0x00007f84ec0b21b0 done waiting for JavaVM references initialization in JVMCI runtime 0
Event: 261.413 Thread 0x00007f84ec0b21b0 initialized JVMCI runtime 0
Event: 274.309 Thread 0x00007f84ec0b21b0 detaching from JVMCI runtime 0: releasing idle compiler thread (0 other threads still attached)
Event: 274.309 Thread 0x00007f84ec0b21b0 shutting down HotSpotJVMCIRuntime for JVMCI runtime 0
Event: 274.309 Thread 0x00007f84ec0b21b0 shut down JVMCI runtime 0
Event: 274.310 Thread 0x00007f84ec0b21b0 destroyed JavaVM[5]@0x00007f849739e340 for JVMCI runtime 0
Event: 274.310 Thread 0x00007f84ec0b21b0 compacted oop handles in JVMCI runtime 0 from 53 to 53
Event: 274.310 Thread 0x00007f84ec0b21b0 releasing handles for JVMCI runtime 0: oop handles=53, metadata handles={total=96, live=93, blocks=37}
Event: 274.310 Thread 0x00007f84ec0b21b0 detached from JVMCI runtime 0
Event: 428.630 Thread 0x00007f84ec0b21b0 attached to JVMCI runtime 0
Event: 428.631 Thread 0x00007f84ec0b21b0 created JavaVM[6]@0x00007f849739e340 for JVMCI runtime 0
Event: 430.916 Thread 0x00007f84ec0b21b0 initializing JVMCI runtime 0
Event: 430.916 Thread 0x00007f84ec0b21b0 done waiting for JavaVM references initialization in JVMCI runtime 0

Compilation events (20 events):
Event: 102.616 Thread 0x00007f84ec0b21b0 nmethod 7937 0x00007f84db215390 code [0x00007f84db215540, 0x00007f84db215910]
Event: 102.616 Thread 0x00007f84ec0b21b0 7938       4       java.io.DataOutputStream::writeUTF (411 bytes)
Event: 114.727 Thread 0x00007f84ec0b21b0 nmethod 7938 0x00007f84db215c90 code [0x00007f84db215ee0, 0x00007f84db217180]
Event: 130.055 Thread 0x00007f84ec0b21b0 7939       4       org.eclipse.osgi.container.ModuleDatabase::readLock (11 bytes)
Event: 174.949 Thread 0x00007f84ec0b21b0 nmethod 7939 0x00007f84db217a10 code [0x00007f84db217c00, 0x00007f84db2180e0]
Event: 187.951 Thread 0x00007f84ec0b36c0 7940       3       java.lang.StackTraceElement::of (68 bytes)
Event: 188.002 Thread 0x00007f84ec0b36c0 nmethod 7940 0x00007f84d3d5ae10 code [0x00007f84d3d5b000, 0x00007f84d3d5b750]
Event: 190.404 Thread 0x00007f84ec0b21b0 7941       4       java.util.concurrent.locks.ReentrantReadWriteLock$Sync::tryAcquireShared (177 bytes)
Event: 227.417 Thread 0x00007f84ec0b36c0 7942       3       java.util.concurrent.Executors$RunnableAdapter::call (14 bytes)
Event: 227.418 Thread 0x00007f84ec0b36c0 nmethod 7942 0x00007f84d3caba90 code [0x00007f84d3cabc40, 0x00007f84d3cabf80]
Event: 232.769 Thread 0x00007f84ec0b21b0 nmethod 7941 0x00007f84db218510 code [0x00007f84db218700, 0x00007f84db218b00]
Event: 248.434 Thread 0x00007f84ec0b21b0 7943       4       java.util.AbstractCollection::isEmpty (13 bytes)
Event: 272.365 Thread 0x00007f84ec0b21b0 nmethod 7943 0x00007f84db218e90 code [0x00007f84db219000, 0x00007f84db2190e0]
Event: 308.347 Thread 0x00007f84ec0b36c0 7944       3       java.lang.invoke.MethodHandles$Lookup::resolveOrFail (48 bytes)
Event: 308.348 Thread 0x00007f84ec0b36c0 nmethod 7944 0x00007f84d3e3c190 code [0x00007f84d3e3c3c0, 0x00007f84d3e3ca60]
Event: 353.927 Thread 0x00007f84ec0b36c0 7945       3       java.util.concurrent.locks.ReentrantLock$NonfairSync::tryAcquire (27 bytes)
Event: 353.927 Thread 0x00007f84ec0b36c0 nmethod 7945 0x00007f84d3aad390 code [0x00007f84d3aad540, 0x00007f84d3aad7a0]
Event: 428.630 Thread 0x00007f84ec0b21b0 7946   !   4       org.eclipse.osgi.internal.loader.BundleLoader::findClass0 (461 bytes)
Event: 444.446 Thread 0x00007f84ec0b36c0 7947       3       java.util.concurrent.ThreadPoolExecutor::runStateAtLeast (11 bytes)
Event: 446.560 Thread 0x00007f84ec0b36c0 nmethod 7947 0x00007f84d3bf7e90 code [0x00007f84d3bf8020, 0x00007f84d3bf8170]

GC Heap History (20 events):
Event: 437.609 GC heap before
{Heap before GC invocations=356 (full 270):
 PSYoungGen      total 43008K, used 32256K [0x00000000f5580000, 0x00000000fac80000, 0x0000000100000000)
  eden space 32256K, 100% used [0x00000000f5580000,0x00000000f7500000,0x00000000f7500000)
  from space 10752K, 0% used [0x00000000f7500000,0x00000000f7500000,0x00000000f7f80000)
  to   space 25600K, 0% used [0x00000000f9380000,0x00000000f9380000,0x00000000fac80000)
 ParOldGen       total 349696K, used 349695K [0x00000000e0000000, 0x00000000f5580000, 0x00000000f5580000)
  object space 349696K, 99% used [0x00000000e0000000,0x00000000f557fff8,0x00000000f5580000)
 Metaspace       used 54397K, committed 55296K, reserved 1105920K
  class space    used 5423K, committed 5824K, reserved 1048576K
}
Event: 440.455 GC heap after
{Heap after GC invocations=356 (full 270):
 PSYoungGen      total 57856K, used 32255K [0x00000000f5580000, 0x00000000fac80000, 0x0000000100000000)
  eden space 32256K, 99% used [0x00000000f5580000,0x00000000f74fffd0,0x00000000f7500000)
  from space 25600K, 0% used [0x00000000f9380000,0x00000000f9380000,0x00000000fac80000)
  to   space 10752K, 0% used [0x00000000f7500000,0x00000000f7500000,0x00000000f7f80000)
 ParOldGen       total 349696K, used 349695K [0x00000000e0000000, 0x00000000f5580000, 0x00000000f5580000)
  object space 349696K, 99% used [0x00000000e0000000,0x00000000f557fff8,0x00000000f5580000)
 Metaspace       used 54397K, committed 55296K, reserved 1105920K
  class space    used 5423K, committed 5824K, reserved 1048576K
}
Event: 440.455 GC heap before
{Heap before GC invocations=357 (full 271):
 PSYoungGen      total 57856K, used 32256K [0x00000000f5580000, 0x00000000fac80000, 0x0000000100000000)
  eden space 32256K, 100% used [0x00000000f5580000,0x00000000f7500000,0x00000000f7500000)
  from space 25600K, 0% used [0x00000000f9380000,0x00000000f9380000,0x00000000fac80000)
  to   space 10752K, 0% used [0x00000000f7500000,0x00000000f7500000,0x00000000f7f80000)
 ParOldGen       total 349696K, used 349695K [0x00000000e0000000, 0x00000000f5580000, 0x00000000f5580000)
  object space 349696K, 99% used [0x00000000e0000000,0x00000000f557fff8,0x00000000f5580000)
 Metaspace       used 54397K, committed 55296K, reserved 1105920K
  class space    used 5423K, committed 5824K, reserved 1048576K
}
Event: 442.534 GC heap after
{Heap after GC invocations=357 (full 271):
 PSYoungGen      total 43008K, used 32255K [0x00000000f5580000, 0x00000000fac80000, 0x0000000100000000)
  eden space 32256K, 99% used [0x00000000f5580000,0x00000000f74fffd0,0x00000000f7500000)
  from space 10752K, 0% used [0x00000000f7500000,0x00000000f7500000,0x00000000f7f80000)
  to   space 25600K, 0% used [0x00000000f9380000,0x00000000f9380000,0x00000000fac80000)
 ParOldGen       total 349696K, used 349695K [0x00000000e0000000, 0x00000000f5580000, 0x00000000f5580000)
  object space 349696K, 99% used [0x00000000e0000000,0x00000000f557fff8,0x00000000f5580000)
 Metaspace       used 54397K, committed 55296K, reserved 1105920K
  class space    used 5423K, committed 5824K, reserved 1048576K
}
Event: 442.534 GC heap before
{Heap before GC invocations=358 (full 272):
 PSYoungGen      total 43008K, used 32256K [0x00000000f5580000, 0x00000000fac80000, 0x0000000100000000)
  eden space 32256K, 100% used [0x00000000f5580000,0x00000000f7500000,0x00000000f7500000)
  from space 10752K, 0% used [0x00000000f7500000,0x00000000f7500000,0x00000000f7f80000)
  to   space 25600K, 0% used [0x00000000f9380000,0x00000000f9380000,0x00000000fac80000)
 ParOldGen       total 349696K, used 349695K [0x00000000e0000000, 0x00000000f5580000, 0x00000000f5580000)
  object space 349696K, 99% used [0x00000000e0000000,0x00000000f557fff8,0x00000000f5580000)
 Metaspace       used 54397K, committed 55296K, reserved 1105920K
  class space    used 5423K, committed 5824K, reserved 1048576K
}
Event: 444.446 GC heap after
{Heap after GC invocations=358 (full 272):
 PSYoungGen      total 57856K, used 32255K [0x00000000f5580000, 0x00000000fac80000, 0x0000000100000000)
  eden space 32256K, 99% used [0x00000000f5580000,0x00000000f74fffd0,0x00000000f7500000)
  from space 25600K, 0% used [0x00000000f9380000,0x00000000f9380000,0x00000000fac80000)
  to   space 10752K, 0% used [0x00000000f7500000,0x00000000f7500000,0x00000000f7f80000)
 ParOldGen       total 349696K, used 349695K [0x00000000e0000000, 0x00000000f5580000, 0x00000000f5580000)
  object space 349696K, 99% used [0x00000000e0000000,0x00000000f557ffd8,0x00000000f5580000)
 Metaspace       used 54397K, committed 55296K, reserved 1105920K
  class space    used 5423K, committed 5824K, reserved 1048576K
}
Event: 444.447 GC heap before
{Heap before GC invocations=359 (full 273):
 PSYoungGen      total 57856K, used 32256K [0x00000000f5580000, 0x00000000fac80000, 0x0000000100000000)
  eden space 32256K, 100% used [0x00000000f5580000,0x00000000f7500000,0x00000000f7500000)
  from space 25600K, 0% used [0x00000000f9380000,0x00000000f9380000,0x00000000fac80000)
  to   space 10752K, 0% used [0x00000000f7500000,0x00000000f7500000,0x00000000f7f80000)
 ParOldGen       total 349696K, used 349695K [0x00000000e0000000, 0x00000000f5580000, 0x00000000f5580000)
  object space 349696K, 99% used [0x00000000e0000000,0x00000000f557ffd8,0x00000000f5580000)
 Metaspace       used 54397K, committed 55296K, reserved 1105920K
  class space    used 5423K, committed 5824K, reserved 1048576K
}
Event: 446.560 GC heap after
{Heap after GC invocations=359 (full 273):
 PSYoungGen      total 43008K, used 32255K [0x00000000f5580000, 0x00000000fac80000, 0x0000000100000000)
  eden space 32256K, 99% used [0x00000000f5580000,0x00000000f74ffff0,0x00000000f7500000)
  from space 10752K, 0% used [0x00000000f7500000,0x00000000f7500000,0x00000000f7f80000)
  to   space 25600K, 0% used [0x00000000f9380000,0x00000000f9380000,0x00000000fac80000)
 ParOldGen       total 349696K, used 349695K [0x00000000e0000000, 0x00000000f5580000, 0x00000000f5580000)
  object space 349696K, 99% used [0x00000000e0000000,0x00000000f557ffd8,0x00000000f5580000)
 Metaspace       used 54397K, committed 55296K, reserved 1105920K
  class space    used 5423K, committed 5824K, reserved 1048576K
}
Event: 446.560 GC heap before
{Heap before GC invocations=360 (full 274):
 PSYoungGen      total 43008K, used 32256K [0x00000000f5580000, 0x00000000fac80000, 0x0000000100000000)
  eden space 32256K, 100% used [0x00000000f5580000,0x00000000f7500000,0x00000000f7500000)
  from space 10752K, 0% used [0x00000000f7500000,0x00000000f7500000,0x00000000f7f80000)
  to   space 25600K, 0% used [0x00000000f9380000,0x00000000f9380000,0x00000000fac80000)
 ParOldGen       total 349696K, used 349695K [0x00000000e0000000, 0x00000000f5580000, 0x00000000f5580000)
  object space 349696K, 99% used [0x00000000e0000000,0x00000000f557ffd8,0x00000000f5580000)
 Metaspace       used 54397K, committed 55296K, reserved 1105920K
  class space    used 5423K, committed 5824K, reserved 1048576K
}
Event: 448.649 GC heap after
{Heap after GC invocations=360 (full 274):
 PSYoungGen      total 57856K, used 32255K [0x00000000f5580000, 0x00000000fac80000, 0x0000000100000000)
  eden space 32256K, 99% used [0x00000000f5580000,0x00000000f74ffff0,0x00000000f7500000)
  from space 25600K, 0% used [0x00000000f9380000,0x00000000f9380000,0x00000000fac80000)
  to   space 10752K, 0% used [0x00000000f7500000,0x00000000f7500000,0x00000000f7f80000)
 ParOldGen       total 349696K, used 349695K [0x00000000e0000000, 0x00000000f5580000, 0x00000000f5580000)
  object space 349696K, 99% used [0x00000000e0000000,0x00000000f557ffd8,0x00000000f5580000)
 Metaspace       used 54397K, committed 55296K, reserved 1105920K
  class space    used 5423K, committed 5824K, reserved 1048576K
}
Event: 448.701 GC heap before
{Heap before GC invocations=361 (full 275):
 PSYoungGen      total 57856K, used 32255K [0x00000000f5580000, 0x00000000fac80000, 0x0000000100000000)
  eden space 32256K, 99% used [0x00000000f5580000,0x00000000f74ffff0,0x00000000f7500000)
  from space 25600K, 0% used [0x00000000f9380000,0x00000000f9380000,0x00000000fac80000)
  to   space 10752K, 0% used [0x00000000f7500000,0x00000000f7500000,0x00000000f7f80000)
 ParOldGen       total 349696K, used 349695K [0x00000000e0000000, 0x00000000f5580000, 0x00000000f5580000)
  object space 349696K, 99% used [0x00000000e0000000,0x00000000f557fff8,0x00000000f5580000)
 Metaspace       used 54397K, committed 55296K, reserved 1105920K
  class space    used 5423K, committed 5824K, reserved 1048576K
}
Event: 450.825 GC heap after
{Heap after GC invocations=361 (full 275):
 PSYoungGen      total 43008K, used 32255K [0x00000000f5580000, 0x00000000fac80000, 0x0000000100000000)
  eden space 32256K, 99% used [0x00000000f5580000,0x00000000f74ffff0,0x00000000f7500000)
  from space 10752K, 0% used [0x00000000f7500000,0x00000000f7500000,0x00000000f7f80000)
  to   space 25600K, 0% used [0x00000000f9380000,0x00000000f9380000,0x00000000fac80000)
 ParOldGen       total 349696K, used 349695K [0x00000000e0000000, 0x00000000f5580000, 0x00000000f5580000)
  object space 349696K, 99% used [0x00000000e0000000,0x00000000f557fff8,0x00000000f5580000)
 Metaspace       used 54397K, committed 55296K, reserved 1105920K
  class space    used 5423K, committed 5824K, reserved 1048576K
}
Event: 450.825 GC heap before
{Heap before GC invocations=362 (full 276):
 PSYoungGen      total 43008K, used 32255K [0x00000000f5580000, 0x00000000fac80000, 0x0000000100000000)
  eden space 32256K, 99% used [0x00000000f5580000,0x00000000f74ffff0,0x00000000f7500000)
  from space 10752K, 0% used [0x00000000f7500000,0x00000000f7500000,0x00000000f7f80000)
  to   space 25600K, 0% used [0x00000000f9380000,0x00000000f9380000,0x00000000fac80000)
 ParOldGen       total 349696K, used 349695K [0x00000000e0000000, 0x00000000f5580000, 0x00000000f5580000)
  object space 349696K, 99% used [0x00000000e0000000,0x00000000f557fff8,0x00000000f5580000)
 Metaspace       used 54397K, committed 55296K, reserved 1105920K
  class space    used 5423K, committed 5824K, reserved 1048576K
}
Event: 452.925 GC heap after
{Heap after GC invocations=362 (full 276):
 PSYoungGen      total 57856K, used 32255K [0x00000000f5580000, 0x00000000fac80000, 0x0000000100000000)
  eden space 32256K, 99% used [0x00000000f5580000,0x00000000f74fff98,0x00000000f7500000)
  from space 25600K, 0% used [0x00000000f9380000,0x00000000f9380000,0x00000000fac80000)
  to   space 10752K, 0% used [0x00000000f7500000,0x00000000f7500000,0x00000000f7f80000)
 ParOldGen       total 349696K, used 349695K [0x00000000e0000000, 0x00000000f5580000, 0x00000000f5580000)
  object space 349696K, 99% used [0x00000000e0000000,0x00000000f557fd70,0x00000000f5580000)
 Metaspace       used 54397K, committed 55296K, reserved 1105920K
  class space    used 5423K, committed 5824K, reserved 1048576K
}
Event: 452.925 GC heap before
{Heap before GC invocations=363 (full 277):
 PSYoungGen      total 57856K, used 32256K [0x00000000f5580000, 0x00000000fac80000, 0x0000000100000000)
  eden space 32256K, 100% used [0x00000000f5580000,0x00000000f7500000,0x00000000f7500000)
  from space 25600K, 0% used [0x00000000f9380000,0x00000000f9380000,0x00000000fac80000)
  to   space 10752K, 0% used [0x00000000f7500000,0x00000000f7500000,0x00000000f7f80000)
 ParOldGen       total 349696K, used 349696K [0x00000000e0000000, 0x00000000f5580000, 0x00000000f5580000)
  object space 349696K, 100% used [0x00000000e0000000,0x00000000f5580000,0x00000000f5580000)
 Metaspace       used 54397K, committed 55296K, reserved 1105920K
  class space    used 5423K, committed 5824K, reserved 1048576K
}
Event: 454.945 GC heap after
{Heap after GC invocations=363 (full 277):
 PSYoungGen      total 43008K, used 32255K [0x00000000f5580000, 0x00000000fac80000, 0x0000000100000000)
  eden space 32256K, 99% used [0x00000000f5580000,0x00000000f74fffe8,0x00000000f7500000)
  from space 10752K, 0% used [0x00000000f7500000,0x00000000f7500000,0x00000000f7f80000)
  to   space 25600K, 0% used [0x00000000f9380000,0x00000000f9380000,0x00000000fac80000)
 ParOldGen       total 349696K, used 349695K [0x00000000e0000000, 0x00000000f5580000, 0x00000000f5580000)
  object space 349696K, 99% used [0x00000000e0000000,0x00000000f557fd90,0x00000000f5580000)
 Metaspace       used 54397K, committed 55296K, reserved 1105920K
  class space    used 5423K, committed 5824K, reserved 1048576K
}
Event: 454.945 GC heap before
{Heap before GC invocations=364 (full 278):
 PSYoungGen      total 43008K, used 32256K [0x00000000f5580000, 0x00000000fac80000, 0x0000000100000000)
  eden space 32256K, 100% used [0x00000000f5580000,0x00000000f7500000,0x00000000f7500000)
  from space 10752K, 0% used [0x00000000f7500000,0x00000000f7500000,0x00000000f7f80000)
  to   space 25600K, 0% used [0x00000000f9380000,0x00000000f9380000,0x00000000fac80000)
 ParOldGen       total 349696K, used 349695K [0x00000000e0000000, 0x00000000f5580000, 0x00000000f5580000)
  object space 349696K, 99% used [0x00000000e0000000,0x00000000f557fee8,0x00000000f5580000)
 Metaspace       used 54397K, committed 55296K, reserved 1105920K
  class space    used 5423K, committed 5824K, reserved 1048576K
}
Event: 457.005 GC heap after
{Heap after GC invocations=364 (full 278):
 PSYoungGen      total 57856K, used 32255K [0x00000000f5580000, 0x00000000fac80000, 0x0000000100000000)
  eden space 32256K, 99% used [0x00000000f5580000,0x00000000f74fff58,0x00000000f7500000)
  from space 25600K, 0% used [0x00000000f9380000,0x00000000f9380000,0x00000000fac80000)
  to   space 10752K, 0% used [0x00000000f7500000,0x00000000f7500000,0x00000000f7f80000)
 ParOldGen       total 349696K, used 349695K [0x00000000e0000000, 0x00000000f5580000, 0x00000000f5580000)
  object space 349696K, 99% used [0x00000000e0000000,0x00000000f557fd68,0x00000000f5580000)
 Metaspace       used 54397K, committed 55296K, reserved 1105920K
  class space    used 5423K, committed 5824K, reserved 1048576K
}
Event: 457.005 GC heap before
{Heap before GC invocations=365 (full 279):
 PSYoungGen      total 57856K, used 32255K [0x00000000f5580000, 0x00000000fac80000, 0x0000000100000000)
  eden space 32256K, 99% used [0x00000000f5580000,0x00000000f74fff58,0x00000000f7500000)
  from space 25600K, 0% used [0x00000000f9380000,0x00000000f9380000,0x00000000fac80000)
  to   space 10752K, 0% used [0x00000000f7500000,0x00000000f7500000,0x00000000f7f80000)
 ParOldGen       total 349696K, used 349695K [0x00000000e0000000, 0x00000000f5580000, 0x00000000f5580000)
  object space 349696K, 99% used [0x00000000e0000000,0x00000000f557fd68,0x00000000f5580000)
 Metaspace       used 54397K, committed 55296K, reserved 1105920K
  class space    used 5423K, committed 5824K, reserved 1048576K
}
Event: 459.217 GC heap after
{Heap after GC invocations=365 (full 279):
 PSYoungGen      total 43008K, used 32255K [0x00000000f5580000, 0x00000000fac80000, 0x0000000100000000)
  eden space 32256K, 99% used [0x00000000f5580000,0x00000000f74fff58,0x00000000f7500000)
  from space 10752K, 0% used [0x00000000f7500000,0x00000000f7500000,0x00000000f7f80000)
  to   space 25600K, 0% used [0x00000000f9380000,0x00000000f9380000,0x00000000fac80000)
 ParOldGen       total 349696K, used 349695K [0x00000000e0000000, 0x00000000f5580000, 0x00000000f5580000)
  object space 349696K, 99% used [0x00000000e0000000,0x00000000f557fd68,0x00000000f5580000)
 Metaspace       used 54397K, committed 55296K, reserved 1105920K
  class space    used 5423K, committed 5824K, reserved 1048576K
}

Dll operation events (9 events):
Event: 0.021 Loaded shared library /nix/store/gpxl5qgg8kicmcvivwmybwjlpf7wh20l-graalvm17-ce-22.3.0/lib/libjava.so
Event: 0.055 Loaded shared library /nix/store/gpxl5qgg8kicmcvivwmybwjlpf7wh20l-graalvm17-ce-22.3.0/lib/libjsvml.so
Event: 0.921 Loaded shared library /nix/store/gpxl5qgg8kicmcvivwmybwjlpf7wh20l-graalvm17-ce-22.3.0/lib/libnio.so
Event: 0.945 Loaded shared library /nix/store/gpxl5qgg8kicmcvivwmybwjlpf7wh20l-graalvm17-ce-22.3.0/lib/libzip.so
Event: 1.001 Loaded shared library /nix/store/gpxl5qgg8kicmcvivwmybwjlpf7wh20l-graalvm17-ce-22.3.0/lib/libjvmcicompiler.so
Event: 2.569 Loaded shared library /nix/store/gpxl5qgg8kicmcvivwmybwjlpf7wh20l-graalvm17-ce-22.3.0/lib/libjimage.so
Event: 3.918 Loaded shared library /nix/store/gpxl5qgg8kicmcvivwmybwjlpf7wh20l-graalvm17-ce-22.3.0/lib/libnet.so
Event: 9.773 Loaded shared library /home/runner/.cache/jdt-language-server/config/org.eclipse.equinox.launcher/org.eclipse.equinox.launcher.gtk.linux.x86_64_1.2.400.v20211117-0650/eclipse_11600.so
Event: 21.659 Loaded shared library /nix/store/gpxl5qgg8kicmcvivwmybwjlpf7wh20l-graalvm17-ce-22.3.0/lib/libextnet.so

Deoptimization events (20 events):
Event: 79.767 Thread 0x00007f84804866f0 DEOPT PACKING pc=0x00007f84d3f95605 sp=0x00007f84985fe530
Event: 79.767 Thread 0x00007f84804866f0 DEOPT UNPACKING pc=0x00007f84d3505325 sp=0x00007f84985fda20 mode 0
Event: 79.769 Thread 0x00007f84804866f0 DEOPT PACKING pc=0x00007f84d3f95605 sp=0x00007f84985fe530
Event: 79.769 Thread 0x00007f84804866f0 DEOPT UNPACKING pc=0x00007f84d3505325 sp=0x00007f84985fda20 mode 0
Event: 79.802 Thread 0x00007f84804866f0 DEOPT PACKING pc=0x00007f84d3f95605 sp=0x00007f84985fe530
Event: 79.802 Thread 0x00007f84804866f0 DEOPT UNPACKING pc=0x00007f84d3505325 sp=0x00007f84985fda20 mode 0
Event: 79.815 Thread 0x00007f84804866f0 DEOPT PACKING pc=0x00007f84d3f95605 sp=0x00007f84985fe530
Event: 79.815 Thread 0x00007f84804866f0 DEOPT UNPACKING pc=0x00007f84d3505325 sp=0x00007f84985fda20 mode 0
Event: 410.713 Thread 0x00007f84804866f0 Uncommon trap: trap_request=0xffffff8f fr.pc=0x00007f84db213fc4 relative=0x0000000000001204
Event: 410.713 Thread 0x00007f84804866f0 Uncommon trap: reason=constraint action=none pc=0x00007f84db213fc4 method=org.eclipse.jdt.internal.core.index.DiskIndex.copyQueryResults(Lorg/eclipse/jdt/internal/compiler/util/HashtableOfObject;I)V @ 123 jvmci
Event: 412.943 Thread 0x00007f84804866f0 DEOPT PACKING pc=0x00007f84db213fc4 sp=0x00007f84985fe530
Event: 412.943 Thread 0x00007f84804866f0 DEOPT UNPACKING pc=0x00007f84d3505325 sp=0x00007f84985fda28 mode 3
Event: 418.261 Thread 0x00007f84740010d0 Uncommon trap: trap_request=0xffffff8f fr.pc=0x00007f84dafca9cc relative=0x000000000000066c
Event: 418.261 Thread 0x00007f84740010d0 Uncommon trap: reason=constraint action=none pc=0x00007f84dafca9cc method=java.util.HashMap.resize()[Ljava/util/HashMap$Node; @ 131 jvmci
Event: 418.261 Thread 0x00007f84740010d0 DEOPT PACKING pc=0x00007f84dafca9cc sp=0x00007f84987fdfb0
Event: 418.261 Thread 0x00007f84740010d0 DEOPT UNPACKING pc=0x00007f84d3505325 sp=0x00007f84987fd408 mode 3
Event: 422.438 Thread 0x00007f84740010d0 DEOPT PACKING pc=0x00007f84db11f974 sp=0x00007f84987fdff0
Event: 422.438 Thread 0x00007f84740010d0 DEOPT UNPACKING pc=0x00007f84d3505325 sp=0x00007f84987fd490 mode 1
Event: 422.439 Thread 0x00007f84740010d0 DEOPT PACKING pc=0x00007f84dafd8544 sp=0x00007f84987fe070
Event: 422.439 Thread 0x00007f84740010d0 DEOPT UNPACKING pc=0x00007f84d3505325 sp=0x00007f84987fd558 mode 1

Classes unloaded (20 events):
Event: 90.956 Thread 0x00007f84ec0a1bf0 Unloading class 0x0000000800f10000 'jdk/internal/reflect/GeneratedConstructorAccessor10'
Event: 90.956 Thread 0x00007f84ec0a1bf0 Unloading class 0x0000000800d99000 'java/lang/invoke/LambdaForm$MH+0x0000000800d99000'
Event: 90.956 Thread 0x00007f84ec0a1bf0 Unloading class 0x0000000800d98c00 'java/lang/invoke/LambdaForm$MH+0x0000000800d98c00'
Event: 90.956 Thread 0x00007f84ec0a1bf0 Unloading class 0x0000000800d98800 'java/lang/invoke/LambdaForm$MH+0x0000000800d98800'
Event: 90.956 Thread 0x00007f84ec0a1bf0 Unloading class 0x0000000800d98400 'java/lang/invoke/LambdaForm$MH+0x0000000800d98400'
Event: 90.956 Thread 0x00007f84ec0a1bf0 Unloading class 0x0000000800d98000 'jdk/internal/reflect/GeneratedConstructorAccessor3'
Event: 90.956 Thread 0x00007f84ec0a1bf0 Unloading class 0x0000000800d06800 'java/lang/invoke/LambdaForm$MH+0x0000000800d06800'
Event: 90.956 Thread 0x00007f84ec0a1bf0 Unloading class 0x0000000800d06000 'java/lang/invoke/LambdaForm$MH+0x0000000800d06000'
Event: 90.956 Thread 0x00007f84ec0a1bf0 Unloading class 0x0000000800d05c00 'java/lang/invoke/LambdaForm$MH+0x0000000800d05c00'
Event: 90.956 Thread 0x00007f84ec0a1bf0 Unloading class 0x0000000800d05800 'java/lang/invoke/LambdaForm$MH+0x0000000800d05800'
Event: 90.956 Thread 0x00007f84ec0a1bf0 Unloading class 0x0000000800d05000 'java/lang/invoke/LambdaForm$MH+0x0000000800d05000'
Event: 90.956 Thread 0x00007f84ec0a1bf0 Unloading class 0x0000000800d04c00 'java/lang/invoke/LambdaForm$MH+0x0000000800d04c00'
Event: 90.956 Thread 0x00007f84ec0a1bf0 Unloading class 0x0000000800d04800 'java/lang/invoke/LambdaForm$MH+0x0000000800d04800'
Event: 90.956 Thread 0x00007f84ec0a1bf0 Unloading class 0x0000000800d04000 'java/lang/invoke/LambdaForm$MH+0x0000000800d04000'
Event: 90.956 Thread 0x00007f84ec0a1bf0 Unloading class 0x0000000800c1d000 'jdk/internal/reflect/GeneratedMethodAccessor5'
Event: 90.956 Thread 0x00007f84ec0a1bf0 Unloading class 0x0000000800c1cc00 'jdk/internal/reflect/GeneratedMethodAccessor4'
Event: 90.956 Thread 0x00007f84ec0a1bf0 Unloading class 0x0000000800c1c800 'jdk/internal/reflect/GeneratedMethodAccessor3'
Event: 90.956 Thread 0x00007f84ec0a1bf0 Unloading class 0x0000000800c1c400 'jdk/internal/reflect/GeneratedMethodAccessor2'
Event: 90.956 Thread 0x00007f84ec0a1bf0 Unloading class 0x0000000800c1c000 'jdk/internal/reflect/GeneratedMethodAccessor1'
Event: 90.956 Thread 0x00007f84ec0a1bf0 Unloading class 0x0000000800c01c00 'java/lang/invoke/LambdaForm$DMH+0x0000000800c01c00'

Classes redefined (0 events):
No events

Internal exceptions (20 events):
Event: 45.568 Thread 0x00007f84740010d0 Exception <a 'sun/nio/fs/UnixException'{0x00000000f5819aa8}> (0x00000000f5819aa8) 
thrown [src/hotspot/share/prims/jni.cpp, line 516]
Event: 45.596 Thread 0x00007f84740010d0 Exception <a 'sun/nio/fs/UnixException'{0x00000000f5896e28}> (0x00000000f5896e28) 
thrown [src/hotspot/share/prims/jni.cpp, line 516]
Event: 45.621 Thread 0x00007f84740010d0 Exception <a 'sun/nio/fs/UnixException'{0x00000000f5931498}> (0x00000000f5931498) 
thrown [src/hotspot/share/prims/jni.cpp, line 516]
Event: 45.850 Thread 0x00007f84740010d0 Exception <a 'java/lang/NoSuchMethodError'{0x00000000f5d27320}: 'java.lang.Object java.lang.invoke.DirectMethodHandle$Holder.invokeStatic(java.lang.Object, java.lang.Object, java.lang.Object, long)'> (0x00000000f5d27320) 
thrown [src/hotspot/share/interpreter/linkResolver.cpp, line 758]
Event: 45.903 Thread 0x00007f84740010d0 Exception <a 'java/lang/NoSuchMethodError'{0x00000000f60501f8}: 'java.lang.Object java.lang.invoke.DirectMethodHandle$Holder.newInvokeSpecial(java.lang.Object, java.lang.Object, java.lang.Object, long)'> (0x00000000f60501f8) 
thrown [src/hotspot/share/interpreter/linkResolver.cpp, line 758]
Event: 45.914 Thread 0x00007f84740010d0 Exception <a 'java/lang/NoSuchMethodError'{0x00000000f611f528}: 'java.lang.Object java.lang.invoke.DirectMethodHandle$Holder.invokeSpecial(java.lang.Object, java.lang.Object, java.lang.Object, java.lang.Object, long)'> (0x00000000f611f528) 
thrown [src/hotspot/share/interpreter/linkResolver.cpp, line 758]
Event: 45.915 Thread 0x00007f84740010d0 Exception <a 'java/lang/NoSuchMethodError'{0x00000000f61ddfc8}: 'java.lang.Object java.lang.invoke.Invokers$Holder.linkToTargetMethod(java.lang.Object, java.lang.Object, long, java.lang.Object)'> (0x00000000f61ddfc8) 
thrown [src/hotspot/share/interpreter/linkResolver.cpp, line 758]
Event: 47.317 Thread 0x00007f847c16fd70 Exception <a 'java/lang/NoSuchMethodError'{0x00000000f63eb4c8}: 'java.lang.Object java.lang.invoke.DirectMethodHandle$Holder.invokeStatic(java.lang.Object, int, java.lang.Object, java.lang.Object, java.lang.Object, java.lang.Object)'> (0x00000000f63eb4c8) 
thrown [src/hotspot/share/interpreter/linkResolver.cpp, line 758]
Event: 47.318 Thread 0x00007f847c16f050 Exception <a 'java/lang/NoSuchMethodError'{0x00000000f6497730}: 'java.lang.Object java.lang.invoke.DirectMethodHandle$Holder.invokeStatic(java.lang.Object, int, java.lang.Object, java.lang.Object, java.lang.Object, java.lang.Object)'> (0x00000000f6497730) 
thrown [src/hotspot/share/interpreter/linkResolver.cpp, line 758]
Event: 47.333 Thread 0x00007f847c16fd70 Exception <a 'java/lang/NoSuchMethodError'{0x00000000f64acd28}: 'java.lang.Object java.lang.invoke.Invokers$Holder.linkToTargetMethod(int, java.lang.Object, java.lang.Object, java.lang.Object, java.lang.Object)'> (0x00000000f64acd28) 
thrown [src/hotspot/share/interpreter/linkResolver.cpp, line 758]
Event: 48.114 Thread 0x00007f847c161bb0 Exception <a 'java/lang/NoSuchMethodError'{0x00000000f5fa8ef0}: 'void java.lang.invoke.DirectMethodHandle$Holder.invokeSpecial(java.lang.Object, java.lang.Object, int)'> (0x00000000f5fa8ef0) 
thrown [src/hotspot/share/interpreter/linkResolver.cpp, line 758]
Event: 49.155 Thread 0x00007f847c163750 Exception <a 'java/lang/NoSuchMethodError'{0x00000000f581e498}: 'int java.lang.invoke.DirectMethodHandle$Holder.invokeSpecialIFC(java.lang.Object, java.lang.Object, java.lang.Object, java.lang.Object)'> (0x00000000f581e498) 
thrown [src/hotspot/share/interpreter/linkResolver.cpp, line 758]
Event: 62.182 Thread 0x00007f84804866f0 Implicit null exception at 0x00007f84db179072 to 0x00007f84db17cc3a
Event: 400.938 Thread 0x00007f84740074f0 Exception <a 'java/lang/OutOfMemoryError'{0x00000000e0003bf0}> (0x00000000e0003bf0) 
thrown [src/hotspot/share/gc/shared/memAllocator.cpp, line 136]
Event: 410.712 Thread 0x00007f84804866f0 Exception <a 'java/lang/OutOfMemoryError'{0x00000000e0004190}> (0x00000000e0004190) 
thrown [src/hotspot/share/gc/shared/memAllocator.cpp, line 138]
Event: 410.713 Thread 0x00007f84804866f0 Implicit null exception at 0x00007f84db213a42 to 0x00007f84db213fa9
Event: 418.261 Thread 0x00007f84740010d0 Exception <a 'java/lang/OutOfMemoryError'{0x00000000e0003ec0}> (0x00000000e0003ec0) 
thrown [src/hotspot/share/gc/shared/memAllocator.cpp, line 138]
Event: 418.261 Thread 0x00007f84740010d0 Implicit null exception at 0x00007f84dafca877 to 0x00007f84dafca9b1
Event: 422.438 Thread 0x00007f84740010d0 Exception <a 'java/lang/OutOfMemoryError'{0x00000000e00041e0}> (0x00000000e00041e0) 
thrown [src/hotspot/share/gc/shared/memAllocator.cpp, line 136]
Event: 459.218 Thread 0x00007f84ec0b21b0 Exception <a 'java/lang/OutOfMemoryError'{0x00000000e00041e0}> (0x00000000e00041e0) 
thrown [src/hotspot/share/gc/shared/memAllocator.cpp, line 136]

VM Operations (20 events):
Event: 433.041 Executing VM operation: ParallelGCFailedAllocation
Event: 435.337 Executing VM operation: ParallelGCFailedAllocation done
Event: 435.337 Executing VM operation: ParallelGCFailedAllocation
Event: 437.609 Executing VM operation: ParallelGCFailedAllocation done
Event: 437.609 Executing VM operation: ParallelGCFailedAllocation
Event: 440.455 Executing VM operation: ParallelGCFailedAllocation done
Event: 440.455 Executing VM operation: ParallelGCFailedAllocation
Event: 442.534 Executing VM operation: ParallelGCFailedAllocation done
Event: 442.534 Executing VM operation: ParallelGCFailedAllocation
Event: 444.446 Executing VM operation: ParallelGCFailedAllocation done
Event: 444.447 Executing VM operation: ParallelGCFailedAllocation
Event: 446.560 Executing VM operation: ParallelGCFailedAllocation done
Event: 446.560 Executing VM operation: ParallelGCFailedAllocation
Event: 448.649 Executing VM operation: ParallelGCFailedAllocation done
Event: 448.701 Executing VM operation: ParallelGCFailedAllocation
Event: 452.925 Executing VM operation: ParallelGCFailedAllocation done
Event: 452.925 Executing VM operation: ParallelGCFailedAllocation
Event: 454.945 Executing VM operation: ParallelGCFailedAllocation done
Event: 454.945 Executing VM operation: ParallelGCFailedAllocation
Event: 459.218 Executing VM operation: ParallelGCFailedAllocation done

Events (20 events):
Event: 56.182 Thread 0x00007f84ec0b4720 flushing nmethod 0x00007f84d47a4110
Event: 56.182 Thread 0x00007f84ec0b4720 flushing nmethod 0x00007f84d47afc10
Event: 56.182 Thread 0x00007f84ec0b4720 flushing nmethod 0x00007f84d47b2710
Event: 56.182 Thread 0x00007f84ec0b4720 flushing nmethod 0x00007f84d47ec810
Event: 56.182 Thread 0x00007f84ec0b4720 flushing nmethod 0x00007f84d47f1210
Event: 56.182 Thread 0x00007f84ec0b4720 flushing nmethod 0x00007f84d47f9e10
Event: 56.182 Thread 0x00007f84ec0b4720 flushing nmethod 0x00007f84d4803810
Event: 56.182 Thread 0x00007f84ec0b4720 flushing nmethod 0x00007f84d4806290
Event: 56.183 Thread 0x00007f84ec0b4720 flushing nmethod 0x00007f84d4813f90
Event: 56.183 Thread 0x00007f84ec0b4720 flushing nmethod 0x00007f84d4831610
Event: 56.183 Thread 0x00007f84ec0b4720 flushing nmethod 0x00007f84d4834a90
Event: 56.183 Thread 0x00007f84ec0b4720 flushing nmethod 0x00007f84d483a090
Event: 56.184 Thread 0x00007f84ec0b4720 flushing nmethod 0x00007f84d48c3290
Event: 64.169 Thread 0x00007f84ec22e990 Thread exited: 0x00007f84ec22e990
Event: 108.006 Thread 0x00007f8454000ff0 Thread exited: 0x00007f8454000ff0
Event: 111.807 Thread 0x00007f8464001130 Thread exited: 0x00007f8464001130
Event: 339.759 Thread 0x00007f847c161bb0 Thread added: 0x00007f847c161bb0
Event: 339.759 Protecting memory [0x00007f8497f00000,0x00007f8497f04000] with protection modes 0
Event: 348.005 Thread 0x00007f847403a9f0 Thread added: 0x00007f847403a9f0
Event: 348.006 Protecting memory [0x00007f8497d00000,0x00007f8497d04000] with protection modes 0


Dynamic libraries:
e0000000-f5580000 rw-p 00000000 00:00 0 
f5580000-fac80000 rw-p 00000000 00:00 0 
fac80000-100000000 ---p 00000000 00:00 0 
800000000-800449000 rw-p 00001000 00:23aa 4611686019135357769            /nix/store/gpxl5qgg8kicmcvivwmybwjlpf7wh20l-graalvm17-ce-22.3.0/lib/server/classes.jsa
800449000-800bc8000 r--p 0044a000 00:23aa 4611686019135357769            /nix/store/gpxl5qgg8kicmcvivwmybwjlpf7wh20l-graalvm17-ce-22.3.0/lib/server/classes.jsa
800bc8000-800c00000 ---p 00000000 00:00 0 
800c00000-800c20000 rw-p 00000000 00:00 0 
800c20000-800c40000 rw-p 00000000 00:00 0 
800c40000-800cc0000 rw-p 00000000 00:00 0 
800cc0000-800d00000 rw-p 00000000 00:00 0 
800d00000-800dc0000 rw-p 00000000 00:00 0 
800dc0000-800e00000 rw-p 00000000 00:00 0 
800e00000-800f40000 rw-p 00000000 00:00 0 
800f40000-800fc0000 rw-p 00000000 00:00 0 
800fc0000-801000000 rw-p 00000000 00:00 0 
801000000-8011b0000 rw-p 00000000 00:00 0 
8011b0000-840c00000 ---p 00000000 00:00 0 
55f744eec000-55f744eed000 r-xp 00000000 00:23aa 4611686019099417844      /nix/store/gpxl5qgg8kicmcvivwmybwjlpf7wh20l-graalvm17-ce-22.3.0/bin/.java-wrapped
55f744eee000-55f744eef000 r--p 00001000 00:23aa 4611686019099417844      /nix/store/gpxl5qgg8kicmcvivwmybwjlpf7wh20l-graalvm17-ce-22.3.0/bin/.java-wrapped
55f744eef000-55f744ef0000 rw-p 00002000 00:23aa 4611686019099417844      /nix/store/gpxl5qgg8kicmcvivwmybwjlpf7wh20l-graalvm17-ce-22.3.0/bin/.java-wrapped
55f744ef0000-55f744ef1000 rw-p 00004000 00:23aa 4611686019099417844      /nix/store/gpxl5qgg8kicmcvivwmybwjlpf7wh20l-graalvm17-ce-22.3.0/bin/.java-wrapped
55f744ef1000-55f744ef2000 rw-p 00005000 00:23aa 4611686019099417844      /nix/store/gpxl5qgg8kicmcvivwmybwjlpf7wh20l-graalvm17-ce-22.3.0/bin/.java-wrapped
55f745a98000-55f745ae0000 rw-p 00000000 00:00 0                          [heap]
7f8424000000-7f8424021000 rw-p 00000000 00:00 0 
7f8424021000-7f8428000000 ---p 00000000 00:00 0 
7f842c000000-7f842c04b000 rw-p 00000000 00:00 0 
7f842c04b000-7f8430000000 ---p 00000000 00:00 0 
7f8430000000-7f843004c000 rw-p 00000000 00:00 0 
7f843004c000-7f8434000000 ---p 00000000 00:00 0 
7f8434000000-7f843407f000 rw-p 00000000 00:00 0 
7f843407f000-7f8438000000 ---p 00000000 00:00 0 
7f8438000000-7f8438035000 rw-p 00000000 00:00 0 
7f8438035000-7f843c000000 ---p 00000000 00:00 0 
7f843c000000-7f843c045000 rw-p 00000000 00:00 0 
7f843c045000-7f8440000000 ---p 00000000 00:00 0 
7f84424b3000-7f844c000000 r--s 00000000 00:23aa 4611686019135192581      /nix/store/gpxl5qgg8kicmcvivwmybwjlpf7wh20l-graalvm17-ce-22.3.0/lib/modules
7f844c000000-7f844c0d6000 rw-p 00000000 00:00 0 
7f844c0d6000-7f8450000000 ---p 00000000 00:00 0 
7f8450000000-7f84500a8000 rw-p 00000000 00:00 0 
7f84500a8000-7f8454000000 ---p 00000000 00:00 0 
7f8454000000-7f8454116000 rw-p 00000000 00:00 0 
7f8454116000-7f8458000000 ---p 00000000 00:00 0 
7f8458000000-7f8458021000 rw-p 00000000 00:00 0 
7f8458021000-7f845c000000 ---p 00000000 00:00 0 
7f845d000000-7f845d0a0000 rw-p 00000000 00:00 0 
7f845d0a0000-7f845d800000 ---p 00000000 00:00 0 
7f845e400000-7f845ec00000 rw-p 00000000 00:00 0 
7f845ec00000-7f845f100000 rw-p 00000000 00:00 0 
7f845f100000-7f845f1b0000 rw-p 00000000 00:00 0 
7f845f1b0000-7f845f200000 ---p 00000000 00:00 0 
7f845f200000-7f845f360000 rw-p 00000000 00:00 0 
7f845f360000-7f845f400000 rw-p 00000000 00:00 0 
7f845f400000-7f845f500000 rw-p 00000000 00:00 0 
7f845f500000-7f845f5e0000 rw-p 00000000 00:00 0 
7f845f5e0000-7f845f700000 rw-p 00000000 00:00 0 
7f845f700000-7f845f7c0000 rw-p 00000000 00:00 0 
7f845f7c0000-7f845f900000 rw-p 00000000 00:00 0 
7f845f900000-7f845fa00000 rw-p 00000000 00:00 0 
7f845fa00000-7f845fb00000 rw-p 00000000 00:00 0 
7f845fb00000-7f845fc00000 rw-p 00000000 00:00 0 
7f8460000000-7f8460021000 rw-p 00000000 00:00 0 
7f8460021000-7f8464000000 ---p 00000000 00:00 0 
7f8464000000-7f8464117000 rw-p 00000000 00:00 0 
7f8464117000-7f8468000000 ---p 00000000 00:00 0 
7f8468000000-7f8468355000 rw-p 00000000 00:00 0 
7f8468355000-7f846c000000 ---p 00000000 00:00 0 
7f846c000000-7f846c079000 rw-p 00000000 00:00 0 
7f846c079000-7f8470000000 ---p 00000000 00:00 0 
7f8470000000-7f8470021000 rw-p 00000000 00:00 0 
7f8470021000-7f8474000000 ---p 00000000 00:00 0 
7f8474000000-7f8474048000 rw-p 00000000 00:00 0 
7f8474048000-7f8478000000 ---p 00000000 00:00 0 
7f8478000000-7f8478021000 rw-p 00000000 00:00 0 
7f8478021000-7f847c000000 ---p 00000000 00:00 0 
7f847c000000-7f847c186000 rw-p 00000000 00:00 0 
7f847c186000-7f8480000000 ---p 00000000 00:00 0 
7f8480000000-7f84808c2000 rw-p 00000000 00:00 0 
7f84808c2000-7f8484000000 ---p 00000000 00:00 0 
7f8484000000-7f8484026000 rw-p 00000000 00:00 0 
7f8484026000-7f8488000000 ---p 00000000 00:00 0 
7f8488000000-7f8488021000 rw-p 00000000 00:00 0 
7f8488021000-7f848c000000 ---p 00000000 00:00 0 
7f848c000000-7f848c021000 rw-p 00000000 00:00 0 
7f848c021000-7f8490000000 ---p 00000000 00:00 0 
7f8490000000-7f8490021000 rw-p 00000000 00:00 0 
7f8490021000-7f8494000000 ---p 00000000 00:00 0 
7f8494000000-7f8494100000 rw-p 00000000 00:00 0 
7f8494100000-7f8494200000 rw-p 00000000 00:00 0 
7f8494200000-7f8494800000 rw-p 00000000 00:00 0 
7f8494800000-7f8494900000 rw-p 00000000 00:00 0 
7f8494900000-7f8494a00000 rw-p 00000000 00:00 0 
7f8494a00000-7f8494d00000 rw-p 00000000 00:00 0 
7f8494d00000-7f8494e00000 rw-p 00000000 00:00 0 
7f8494e00000-7f8495000000 rw-p 00000000 00:00 0 
7f8495000000-7f8495010000 r-xp 00000000 00:23a4 358                      /home/runner/.cache/jdt-language-server/config/org.eclipse.equinox.launcher/org.eclipse.equinox.launcher.gtk.linux.x86_64_1.2.400.v20211117-0650/eclipse_11600.so
7f8495010000-7f849520f000 ---p 00010000 00:23a4 358                      /home/runner/.cache/jdt-language-server/config/org.eclipse.equinox.launcher/org.eclipse.equinox.launcher.gtk.linux.x86_64_1.2.400.v20211117-0650/eclipse_11600.so
7f849520f000-7f8495210000 r--p 0000f000 00:23a4 358                      /home/runner/.cache/jdt-language-server/config/org.eclipse.equinox.launcher/org.eclipse.equinox.launcher.gtk.linux.x86_64_1.2.400.v20211117-0650/eclipse_11600.so
7f8495210000-7f8495211000 rw-p 00010000 00:23a4 358                      /home/runner/.cache/jdt-language-server/config/org.eclipse.equinox.launcher/org.eclipse.equinox.launcher.gtk.linux.x86_64_1.2.400.v20211117-0650/eclipse_11600.so
7f8496700000-7f8496800000 ---p 00000000 00:00 0 
7f8496800000-7f8496daf000 r--p 01122000 00:23aa 4611686019135190040      /nix/store/gpxl5qgg8kicmcvivwmybwjlpf7wh20l-graalvm17-ce-22.3.0/lib/libjvmcicompiler.so
7f8496daf000-7f8496f00000 r--p 00000000 00:00 0 
7f8496f00000-7f8496f3d000 rw-p 00000000 00:00 0 
7f8496f3d000-7f849745d000 rw-p 0185f000 00:23aa 4611686019135190040      /nix/store/gpxl5qgg8kicmcvivwmybwjlpf7wh20l-graalvm17-ce-22.3.0/lib/libjvmcicompiler.so
7f849745d000-7f8497844000 r--p 01d7f000 00:23aa 4611686019135190040      /nix/store/gpxl5qgg8kicmcvivwmybwjlpf7wh20l-graalvm17-ce-22.3.0/lib/libjvmcicompiler.so
7f8497900000-7f8497904000 ---p 00000000 00:00 0 
7f8497904000-7f8497a00000 rw-p 00000000 00:00 0 
7f8497b00000-7f8497b04000 ---p 00000000 00:00 0 
7f8497b04000-7f8497c00000 rw-p 00000000 00:00 0 
7f8497c00000-7f8497c04000 ---p 00000000 00:00 0 
7f8497c04000-7f8497d00000 rw-p 00000000 00:00 0 
7f8497d00000-7f8497d04000 ---p 00000000 00:00 0 
7f8497d04000-7f8497e00000 rw-p 00000000 00:00 0 
7f8497f00000-7f8497f04000 ---p 00000000 00:00 0 
7f8497f04000-7f8498000000 rw-p 00000000 00:00 0 
7f8498000000-7f8498004000 ---p 00000000 00:00 0 
7f8498004000-7f8498100000 rw-p 00000000 00:00 0 
7f8498100000-7f8498104000 ---p 00000000 00:00 0 
7f8498104000-7f8498200000 rw-p 00000000 00:00 0 
7f8498300000-7f8498304000 ---p 00000000 00:00 0 
7f8498304000-7f8498400000 rw-p 00000000 00:00 0 
7f8498400000-7f8498404000 ---p 00000000 00:00 0 
7f8498404000-7f8498500000 rw-p 00000000 00:00 0 
7f8498500000-7f8498504000 ---p 00000000 00:00 0 
7f8498504000-7f8498600000 rw-p 00000000 00:00 0 
7f8498700000-7f8498704000 ---p 00000000 00:00 0 
7f8498704000-7f8498800000 rw-p 00000000 00:00 0 
7f8498900000-7f8498904000 ---p 00000000 00:00 0 
7f8498904000-7f8498a00000 rw-p 00000000 00:00 0 
7f8499668000-7f8499b00000 rw-p 00000000 00:00 0 
7f8499c00000-7f849bd6a000 r-xp 00000000 00:23aa 4611686019135190040      /nix/store/gpxl5qgg8kicmcvivwmybwjlpf7wh20l-graalvm17-ce-22.3.0/lib/libjvmcicompiler.so
7f849bd6a000-7f849bf69000 ---p 0216a000 00:23aa 4611686019135190040      /nix/store/gpxl5qgg8kicmcvivwmybwjlpf7wh20l-graalvm17-ce-22.3.0/lib/libjvmcicompiler.so
7f849bf69000-7f849bf6a000 r--p 02169000 00:23aa 4611686019135190040      /nix/store/gpxl5qgg8kicmcvivwmybwjlpf7wh20l-graalvm17-ce-22.3.0/lib/libjvmcicompiler.so
7f849bf6a000-7f849bf6c000 rw-p 0216a000 00:23aa 4611686019135190040      /nix/store/gpxl5qgg8kicmcvivwmybwjlpf7wh20l-graalvm17-ce-22.3.0/lib/libjvmcicompiler.so
7f849bf6c000-7f849bf6d000 rw-p 00000000 00:00 0 
7f849bf6d000-7f849bf72000 rw-p 023c3000 00:23aa 4611686019135190040      /nix/store/gpxl5qgg8kicmcvivwmybwjlpf7wh20l-graalvm17-ce-22.3.0/lib/libjvmcicompiler.so
7f849c000000-7f849c021000 rw-p 00000000 00:00 0 
7f849c021000-7f84a0000000 ---p 00000000 00:00 0 
7f84a0000000-7f84a0021000 rw-p 00000000 00:00 0 
7f84a0021000-7f84a4000000 ---p 00000000 00:00 0 
7f84a4000000-7f84a4029000 rw-p 00000000 00:00 0 
7f84a4029000-7f84a8000000 ---p 00000000 00:00 0 
7f84a8000000-7f84a8021000 rw-p 00000000 00:00 0 
7f84a8021000-7f84ac000000 ---p 00000000 00:00 0 
7f84ac000000-7f84ac0fb000 rw-p 00000000 00:00 0 
7f84ac0fb000-7f84b0000000 ---p 00000000 00:00 0 
7f84b0000000-7f84b0af1000 rw-p 00000000 00:00 0 
7f84b0af1000-7f84b4000000 ---p 00000000 00:00 0 
7f84b4000000-7f84b4021000 rw-p 00000000 00:00 0 
7f84b4021000-7f84b8000000 ---p 00000000 00:00 0 
7f84b8000000-7f84b8021000 rw-p 00000000 00:00 0 
7f84b8021000-7f84bc000000 ---p 00000000 00:00 0 
7f84bc000000-7f84bc021000 rw-p 00000000 00:00 0 
7f84bc021000-7f84c0000000 ---p 00000000 00:00 0 
7f84c0000000-7f84c0021000 rw-p 00000000 00:00 0 
7f84c0021000-7f84c4000000 ---p 00000000 00:00 0 
7f84c4000000-7f84c4021000 rw-p 00000000 00:00 0 
7f84c4021000-7f84c8000000 ---p 00000000 00:00 0 
7f84c8000000-7f84c8021000 rw-p 00000000 00:00 0 
7f84c8021000-7f84cc000000 ---p 00000000 00:00 0 
7f84cc000000-7f84cc04d000 rw-p 00000000 00:00 0 
7f84cc04d000-7f84d0000000 ---p 00000000 00:00 0 
7f84d0000000-7f84d0004000 ---p 00000000 00:00 0 
7f84d0004000-7f84d0100000 rw-p 00000000 00:00 0 
7f84d0200000-7f84d0204000 ---p 00000000 00:00 0 
7f84d0204000-7f84d0300000 rw-p 00000000 00:00 0 
7f84d0400000-7f84d0404000 ---p 00000000 00:00 0 
7f84d0404000-7f84d0500000 rw-p 00000000 00:00 0 
7f84d0600000-7f84d0604000 ---p 00000000 00:00 0 
7f84d0604000-7f84d0700000 rw-p 00000000 00:00 0 
7f84d0700000-7f84d0704000 ---p 00000000 00:00 0 
7f84d0704000-7f84d0800000 rw-p 00000000 00:00 0 
7f84d0800000-7f84d0804000 ---p 00000000 00:00 0 
7f84d0804000-7f84d0900000 rw-p 00000000 00:00 0 
7f84d0a00000-7f84d0a04000 ---p 00000000 00:00 0 
7f84d0a04000-7f84d0b00000 rw-p 00000000 00:00 0 
7f84d0b00000-7f84d0b04000 ---p 00000000 00:00 0 
7f84d0b04000-7f84d0c00000 rw-p 00000000 00:00 0 
7f84d0c00000-7f84d0c04000 ---p 00000000 00:00 0 
7f84d0c04000-7f84d0d00000 rw-p 00000000 00:00 0 
7f84d0d18000-7f84d0d1c000 ---p 00000000 00:00 0 
7f84d0d1c000-7f84d0e18000 rw-p 00000000 00:00 0 
7f84d0e18000-7f84d0e19000 ---p 00000000 00:00 0 
7f84d0e19000-7f84d0f1a000 rw-p 00000000 00:00 0 
7f84d0f1a000-7f84d0f1e000 ---p 00000000 00:00 0 
7f84d0f1e000-7f84d101a000 rw-p 00000000 00:00 0 
7f84d101a000-7f84d101e000 ---p 00000000 00:00 0 
7f84d101e000-7f84d111a000 rw-p 00000000 00:00 0 
7f84d111a000-7f84d111e000 ---p 00000000 00:00 0 
7f84d111e000-7f84d121a000 rw-p 00000000 00:00 0 
7f84d121a000-7f84d121e000 ---p 00000000 00:00 0 
7f84d121e000-7f84d141a000 rw-p 00000000 00:00 0 
7f84d141a000-7f84d141e000 ---p 00000000 00:00 0 
7f84d141e000-7f84d161a000 rw-p 00000000 00:00 0 
7f84d161a000-7f84d161e000 ---p 00000000 00:00 0 
7f84d161e000-7f84d171a000 rw-p 00000000 00:00 0 
7f84d171a000-7f84d171e000 ---p 00000000 00:00 0 
7f84d171e000-7f84d181a000 rw-p 00000000 00:00 0 
7f84d181a000-7f84d181e000 ---p 00000000 00:00 0 
7f84d181e000-7f84d191a000 rw-p 00000000 00:00 0 
7f84d191a000-7f84d1c00000 r--p 00000000 00:235a 28444448                 /usr/lib/locale/locale-archive
7f84d1c00000-7f84d2000000 rw-p 00000000 00:00 0 
7f84d2000000-7f84d2300000 rw-p 00000000 00:00 0 
7f84d2300000-7f84d2400000 rw-p 00000000 00:00 0 
7f84d2491000-7f84d2495000 ---p 00000000 00:00 0 
7f84d2495000-7f84d34b3000 rw-p 00000000 00:00 0 
7f84d34b3000-7f84d3723000 rwxp 00000000 00:00 0 
7f84d3723000-7f84d3a42000 ---p 00000000 00:00 0 
7f84d3a42000-7f84d4902000 rwxp 00000000 00:00 0 
7f84d4902000-7f84daf7a000 ---p 00000000 00:00 0 
7f84daf7a000-7f84db21a000 rwxp 00000000 00:00 0 
7f84db21a000-7f84e24b3000 ---p 00000000 00:00 0 
7f84e24b3000-7f84ec000000 r--s 00000000 00:23aa 4611686019135192581      /nix/store/gpxl5qgg8kicmcvivwmybwjlpf7wh20l-graalvm17-ce-22.3.0/lib/modules
7f84ec000000-7f84ec60b000 rw-p 00000000 00:00 0 
7f84ec60b000-7f84f0000000 ---p 00000000 00:00 0 
7f84f0006000-7f84f0008000 r-xp 00000000 00:23aa 4611686019135190017      /nix/store/gpxl5qgg8kicmcvivwmybwjlpf7wh20l-graalvm17-ce-22.3.0/lib/libextnet.so
7f84f0008000-7f84f0009000 r--p 00001000 00:23aa 4611686019135190017      /nix/store/gpxl5qgg8kicmcvivwmybwjlpf7wh20l-graalvm17-ce-22.3.0/lib/libextnet.so
7f84f0009000-7f84f000a000 rw-p 00002000 00:23aa 4611686019135190017      /nix/store/gpxl5qgg8kicmcvivwmybwjlpf7wh20l-graalvm17-ce-22.3.0/lib/libextnet.so
7f84f000a000-7f84f000b000 rw-p 00004000 00:23aa 4611686019135190017      /nix/store/gpxl5qgg8kicmcvivwmybwjlpf7wh20l-graalvm17-ce-22.3.0/lib/libextnet.so
7f84f000b000-7f84f0012000 r-xp 00000000 00:23aa 4611686019135192580      /nix/store/gpxl5qgg8kicmcvivwmybwjlpf7wh20l-graalvm17-ce-22.3.0/lib/libzip.so
7f84f0012000-7f84f0013000 ---p 00007000 00:23aa 4611686019135192580      /nix/store/gpxl5qgg8kicmcvivwmybwjlpf7wh20l-graalvm17-ce-22.3.0/lib/libzip.so
7f84f0013000-7f84f0014000 r--p 00007000 00:23aa 4611686019135192580      /nix/store/gpxl5qgg8kicmcvivwmybwjlpf7wh20l-graalvm17-ce-22.3.0/lib/libzip.so
7f84f0014000-7f84f0015000 rw-p 00008000 00:23aa 4611686019135192580      /nix/store/gpxl5qgg8kicmcvivwmybwjlpf7wh20l-graalvm17-ce-22.3.0/lib/libzip.so
7f84f0015000-7f84f0017000 rw-p 0000b000 00:23aa 4611686019135192580      /nix/store/gpxl5qgg8kicmcvivwmybwjlpf7wh20l-graalvm17-ce-22.3.0/lib/libzip.so
7f84f0017000-7f84f002c000 r-xp 00000000 00:23aa 4611686019135192570      /nix/store/gpxl5qgg8kicmcvivwmybwjlpf7wh20l-graalvm17-ce-22.3.0/lib/libnet.so
7f84f002c000-7f84f002d000 ---p 00015000 00:23aa 4611686019135192570      /nix/store/gpxl5qgg8kicmcvivwmybwjlpf7wh20l-graalvm17-ce-22.3.0/lib/libnet.so
7f84f002d000-7f84f002e000 r--p 00015000 00:23aa 4611686019135192570      /nix/store/gpxl5qgg8kicmcvivwmybwjlpf7wh20l-graalvm17-ce-22.3.0/lib/libnet.so
7f84f002e000-7f84f002f000 rw-p 00016000 00:23aa 4611686019135192570      /nix/store/gpxl5qgg8kicmcvivwmybwjlpf7wh20l-graalvm17-ce-22.3.0/lib/libnet.so
7f84f002f000-7f84f0032000 rw-p 0001b000 00:23aa 4611686019135192570      /nix/store/gpxl5qgg8kicmcvivwmybwjlpf7wh20l-graalvm17-ce-22.3.0/lib/libnet.so
7f84f0032000-7f84f0045000 r-xp 00000000 00:23aa 4611686019135192571      /nix/store/gpxl5qgg8kicmcvivwmybwjlpf7wh20l-graalvm17-ce-22.3.0/lib/libnio.so
7f84f0045000-7f84f0046000 r--p 00012000 00:23aa 4611686019135192571      /nix/store/gpxl5qgg8kicmcvivwmybwjlpf7wh20l-graalvm17-ce-22.3.0/lib/libnio.so
7f84f0046000-7f84f0047000 rw-p 00013000 00:23aa 4611686019135192571      /nix/store/gpxl5qgg8kicmcvivwmybwjlpf7wh20l-graalvm17-ce-22.3.0/lib/libnio.so
7f84f0047000-7f84f004c000 rw-p 00019000 00:23aa 4611686019135192571      /nix/store/gpxl5qgg8kicmcvivwmybwjlpf7wh20l-graalvm17-ce-22.3.0/lib/libnio.so
7f84f004c000-7f84f0050000 ---p 00000000 00:00 0 
7f84f0050000-7f84f014c000 rw-p 00000000 00:00 0 
7f84f014c000-7f84f0150000 ---p 00000000 00:00 0 
7f84f0150000-7f84f024c000 rw-p 00000000 00:00 0 
7f84f024c000-7f84f024d000 ---p 00000000 00:00 0 
7f84f024d000-7f84f034e000 rw-p 00000000 00:00 0 
7f84f034e000-7f84f041c000 r-xp 00000000 00:23aa 4611686019135190036      /nix/store/gpxl5qgg8kicmcvivwmybwjlpf7wh20l-graalvm17-ce-22.3.0/lib/libjsvml.so
7f84f041c000-7f84f041d000 r--p 000cd000 00:23aa 4611686019135190036      /nix/store/gpxl5qgg8kicmcvivwmybwjlpf7wh20l-graalvm17-ce-22.3.0/lib/libjsvml.so
7f84f041d000-7f84f041e000 rw-p 000ce000 00:23aa 4611686019135190036      /nix/store/gpxl5qgg8kicmcvivwmybwjlpf7wh20l-graalvm17-ce-22.3.0/lib/libjsvml.so
7f84f041e000-7f84f0cf6000 rw-p 00000000 00:00 0 
7f84f0cf6000-7f84f0cf7000 ---p 00000000 00:00 0 
7f84f0cf7000-7f84f0ea2000 rw-p 00000000 00:00 0 
7f84f0ea2000-7f84f0ecf000 rw-p 00000000 00:00 0 
7f84f0ecf000-7f84f0ef8000 ---p 00000000 00:00 0 
7f84f0ef8000-7f84f0eff000 rw-p 00000000 00:00 0 
7f84f0eff000-7f84f0fe4000 ---p 00000000 00:00 0 
7f84f0fe4000-7f84f1002000 rw-p 00000000 00:00 0 
7f84f1002000-7f84f10cf000 ---p 00000000 00:00 0 
7f84f10cf000-7f84f10d4000 rw-p 00000000 00:00 0 
7f84f10d4000-7f84f10db000 ---p 00000000 00:00 0 
7f84f10db000-7f84f10ff000 r-xp 00000000 00:23aa 4611686019135190028      /nix/store/gpxl5qgg8kicmcvivwmybwjlpf7wh20l-graalvm17-ce-22.3.0/lib/libjava.so
7f84f10ff000-7f84f1100000 ---p 00024000 00:23aa 4611686019135190028      /nix/store/gpxl5qgg8kicmcvivwmybwjlpf7wh20l-graalvm17-ce-22.3.0/lib/libjava.so
7f84f1100000-7f84f1101000 r--p 00024000 00:23aa 4611686019135190028      /nix/store/gpxl5qgg8kicmcvivwmybwjlpf7wh20l-graalvm17-ce-22.3.0/lib/libjava.so
7f84f1101000-7f84f1102000 rw-p 00025000 00:23aa 4611686019135190028      /nix/store/gpxl5qgg8kicmcvivwmybwjlpf7wh20l-graalvm17-ce-22.3.0/lib/libjava.so
7f84f1102000-7f84f1103000 rw-p 00000000 00:00 0 
7f84f1103000-7f84f110a000 rw-p 0002f000 00:23aa 4611686019135190028      /nix/store/gpxl5qgg8kicmcvivwmybwjlpf7wh20l-graalvm17-ce-22.3.0/lib/libjava.so
7f84f110a000-7f84f1112000 rw-s 00000000 00:2355 353                      /tmp/hsperfdata_runner/27
7f84f1112000-7f84f1113000 ---p 00000000 00:00 0 
7f84f1113000-7f84f1114000 r--p 00000000 00:00 0 
7f84f1114000-7f84f1115000 rwxp 00000000 00:00 0 
7f84f1115000-7f84f1130000 r-xp 00000000 00:23aa 4611686019135190032      /nix/store/gpxl5qgg8kicmcvivwmybwjlpf7wh20l-graalvm17-ce-22.3.0/lib/libjimage.so
7f84f1130000-7f84f1131000 ---p 0001b000 00:23aa 4611686019135190032      /nix/store/gpxl5qgg8kicmcvivwmybwjlpf7wh20l-graalvm17-ce-22.3.0/lib/libjimage.so
7f84f1131000-7f84f1133000 r--p 0001b000 00:23aa 4611686019135190032      /nix/store/gpxl5qgg8kicmcvivwmybwjlpf7wh20l-graalvm17-ce-22.3.0/lib/libjimage.so
7f84f1133000-7f84f1134000 rw-p 0001d000 00:23aa 4611686019135190032      /nix/store/gpxl5qgg8kicmcvivwmybwjlpf7wh20l-graalvm17-ce-22.3.0/lib/libjimage.so
7f84f1134000-7f84f1135000 rw-p 00024000 00:23aa 4611686019135190032      /nix/store/gpxl5qgg8kicmcvivwmybwjlpf7wh20l-graalvm17-ce-22.3.0/lib/libjimage.so
7f84f1135000-7f84f1139000 ---p 00000000 00:00 0 
7f84f1139000-7f84f1235000 rw-p 00000000 00:00 0 
7f84f1235000-7f84f1243000 r--p 00000000 00:23aa 4611686019027979927      /nix/store/4nlgxhb09sdr51nc9hdm8az5b08vzkgx-glibc-2.35-163/lib/libm.so.6
7f84f1243000-7f84f12b6000 r-xp 0000e000 00:23aa 4611686019027979927      /nix/store/4nlgxhb09sdr51nc9hdm8az5b08vzkgx-glibc-2.35-163/lib/libm.so.6
7f84f12b6000-7f84f1313000 r--p 00081000 00:23aa 4611686019027979927      /nix/store/4nlgxhb09sdr51nc9hdm8az5b08vzkgx-glibc-2.35-163/lib/libm.so.6
7f84f1313000-7f84f1314000 r--p 000dd000 00:23aa 4611686019027979927      /nix/store/4nlgxhb09sdr51nc9hdm8az5b08vzkgx-glibc-2.35-163/lib/libm.so.6
7f84f1314000-7f84f1315000 rw-p 000de000 00:23aa 4611686019027979927      /nix/store/4nlgxhb09sdr51nc9hdm8az5b08vzkgx-glibc-2.35-163/lib/libm.so.6
7f84f1315000-7f84f1316000 r--p 00000000 00:23aa 4611686019027979946      /nix/store/4nlgxhb09sdr51nc9hdm8az5b08vzkgx-glibc-2.35-163/lib/librt.so.1
7f84f1316000-7f84f1317000 r-xp 00001000 00:23aa 4611686019027979946      /nix/store/4nlgxhb09sdr51nc9hdm8az5b08vzkgx-glibc-2.35-163/lib/librt.so.1
7f84f1317000-7f84f1318000 r--p 00002000 00:23aa 4611686019027979946      /nix/store/4nlgxhb09sdr51nc9hdm8az5b08vzkgx-glibc-2.35-163/lib/librt.so.1
7f84f1318000-7f84f1319000 r--p 00002000 00:23aa 4611686019027979946      /nix/store/4nlgxhb09sdr51nc9hdm8az5b08vzkgx-glibc-2.35-163/lib/librt.so.1
7f84f1319000-7f84f131a000 rw-p 00003000 00:23aa 4611686019027979946      /nix/store/4nlgxhb09sdr51nc9hdm8az5b08vzkgx-glibc-2.35-163/lib/librt.so.1
7f84f131a000-7f84f242d000 r-xp 00000000 00:23aa 4611686019135360866      /nix/store/gpxl5qgg8kicmcvivwmybwjlpf7wh20l-graalvm17-ce-22.3.0/lib/server/libjvm.so
7f84f242d000-7f84f242e000 ---p 01113000 00:23aa 4611686019135360866      /nix/store/gpxl5qgg8kicmcvivwmybwjlpf7wh20l-graalvm17-ce-22.3.0/lib/server/libjvm.so
7f84f242e000-7f84f24e3000 r--p 01113000 00:23aa 4611686019135360866      /nix/store/gpxl5qgg8kicmcvivwmybwjlpf7wh20l-graalvm17-ce-22.3.0/lib/server/libjvm.so
7f84f24e3000-7f84f2517000 rw-p 011c8000 00:23aa 4611686019135360866      /nix/store/gpxl5qgg8kicmcvivwmybwjlpf7wh20l-graalvm17-ce-22.3.0/lib/server/libjvm.so
7f84f2517000-7f84f2573000 rw-p 00000000 00:00 0 
7f84f2573000-7f84f259b000 r--p 00000000 00:23aa 4611686019027979918      /nix/store/4nlgxhb09sdr51nc9hdm8az5b08vzkgx-glibc-2.35-163/lib/libc.so.6
7f84f259b000-7f84f2711000 r-xp 00028000 00:23aa 4611686019027979918      /nix/store/4nlgxhb09sdr51nc9hdm8az5b08vzkgx-glibc-2.35-163/lib/libc.so.6
7f84f2711000-7f84f2769000 r--p 0019e000 00:23aa 4611686019027979918      /nix/store/4nlgxhb09sdr51nc9hdm8az5b08vzkgx-glibc-2.35-163/lib/libc.so.6
7f84f2769000-7f84f276d000 r--p 001f6000 00:23aa 4611686019027979918      /nix/store/4nlgxhb09sdr51nc9hdm8az5b08vzkgx-glibc-2.35-163/lib/libc.so.6
7f84f276d000-7f84f276f000 rw-p 001fa000 00:23aa 4611686019027979918      /nix/store/4nlgxhb09sdr51nc9hdm8az5b08vzkgx-glibc-2.35-163/lib/libc.so.6
7f84f276f000-7f84f277e000 rw-p 00000000 00:00 0 
7f84f277e000-7f84f277f000 r--p 00000000 00:23aa 4611686019027979923      /nix/store/4nlgxhb09sdr51nc9hdm8az5b08vzkgx-glibc-2.35-163/lib/libdl.so.2
7f84f277f000-7f84f2780000 r-xp 00001000 00:23aa 4611686019027979923      /nix/store/4nlgxhb09sdr51nc9hdm8az5b08vzkgx-glibc-2.35-163/lib/libdl.so.2
7f84f2780000-7f84f2781000 r--p 00002000 00:23aa 4611686019027979923      /nix/store/4nlgxhb09sdr51nc9hdm8az5b08vzkgx-glibc-2.35-163/lib/libdl.so.2
7f84f2781000-7f84f2782000 r--p 00002000 00:23aa 4611686019027979923      /nix/store/4nlgxhb09sdr51nc9hdm8az5b08vzkgx-glibc-2.35-163/lib/libdl.so.2
7f84f2782000-7f84f2783000 rw-p 00003000 00:23aa 4611686019027979923      /nix/store/4nlgxhb09sdr51nc9hdm8az5b08vzkgx-glibc-2.35-163/lib/libdl.so.2
7f84f2783000-7f84f2784000 r--p 00000000 00:23aa 4611686019027979942      /nix/store/4nlgxhb09sdr51nc9hdm8az5b08vzkgx-glibc-2.35-163/lib/libpthread.so.0
7f84f2784000-7f84f2785000 r-xp 00001000 00:23aa 4611686019027979942      /nix/store/4nlgxhb09sdr51nc9hdm8az5b08vzkgx-glibc-2.35-163/lib/libpthread.so.0
7f84f2785000-7f84f2786000 r--p 00002000 00:23aa 4611686019027979942      /nix/store/4nlgxhb09sdr51nc9hdm8az5b08vzkgx-glibc-2.35-163/lib/libpthread.so.0
7f84f2786000-7f84f2787000 r--p 00002000 00:23aa 4611686019027979942      /nix/store/4nlgxhb09sdr51nc9hdm8az5b08vzkgx-glibc-2.35-163/lib/libpthread.so.0
7f84f2787000-7f84f2788000 rw-p 00003000 00:23aa 4611686019027979942      /nix/store/4nlgxhb09sdr51nc9hdm8az5b08vzkgx-glibc-2.35-163/lib/libpthread.so.0
7f84f2788000-7f84f2796000 r-xp 00000000 00:23aa 4611686019135190033      /nix/store/gpxl5qgg8kicmcvivwmybwjlpf7wh20l-graalvm17-ce-22.3.0/lib/libjli.so
7f84f2796000-7f84f2797000 ---p 0000e000 00:23aa 4611686019135190033      /nix/store/gpxl5qgg8kicmcvivwmybwjlpf7wh20l-graalvm17-ce-22.3.0/lib/libjli.so
7f84f2797000-7f84f2798000 r--p 0000e000 00:23aa 4611686019135190033      /nix/store/gpxl5qgg8kicmcvivwmybwjlpf7wh20l-graalvm17-ce-22.3.0/lib/libjli.so
7f84f2798000-7f84f2799000 rw-p 0000f000 00:23aa 4611686019135190033      /nix/store/gpxl5qgg8kicmcvivwmybwjlpf7wh20l-graalvm17-ce-22.3.0/lib/libjli.so
7f84f2799000-7f84f279a000 rw-p 00012000 00:23aa 4611686019135190033      /nix/store/gpxl5qgg8kicmcvivwmybwjlpf7wh20l-graalvm17-ce-22.3.0/lib/libjli.so
7f84f279a000-7f84f279d000 r--p 00000000 00:23aa 4611686019106210071      /nix/store/026hln0aq1hyshaxsdvhg0kmcm6yf45r-zlib-1.2.13/lib/libz.so.1.2.13
7f84f279d000-7f84f27af000 r-xp 00003000 00:23aa 4611686019106210071      /nix/store/026hln0aq1hyshaxsdvhg0kmcm6yf45r-zlib-1.2.13/lib/libz.so.1.2.13
7f84f27af000-7f84f27b6000 r--p 00015000 00:23aa 4611686019106210071      /nix/store/026hln0aq1hyshaxsdvhg0kmcm6yf45r-zlib-1.2.13/lib/libz.so.1.2.13
7f84f27b6000-7f84f27b7000 r--p 0001b000 00:23aa 4611686019106210071      /nix/store/026hln0aq1hyshaxsdvhg0kmcm6yf45r-zlib-1.2.13/lib/libz.so.1.2.13
7f84f27b7000-7f84f27b8000 rw-p 0001c000 00:23aa 4611686019106210071      /nix/store/026hln0aq1hyshaxsdvhg0kmcm6yf45r-zlib-1.2.13/lib/libz.so.1.2.13
7f84f27b8000-7f84f27ba000 rw-p 00000000 00:00 0 
7f84f27ba000-7f84f27bc000 r--p 00000000 00:23aa 4611686019027979912      /nix/store/4nlgxhb09sdr51nc9hdm8az5b08vzkgx-glibc-2.35-163/lib/ld-linux-x86-64.so.2
7f84f27bc000-7f84f27e3000 r-xp 00002000 00:23aa 4611686019027979912      /nix/store/4nlgxhb09sdr51nc9hdm8az5b08vzkgx-glibc-2.35-163/lib/ld-linux-x86-64.so.2
7f84f27e3000-7f84f27ef000 r--p 00029000 00:23aa 4611686019027979912      /nix/store/4nlgxhb09sdr51nc9hdm8az5b08vzkgx-glibc-2.35-163/lib/ld-linux-x86-64.so.2
7f84f27ef000-7f84f27f1000 r--p 00034000 00:23aa 4611686019027979912      /nix/store/4nlgxhb09sdr51nc9hdm8az5b08vzkgx-glibc-2.35-163/lib/ld-linux-x86-64.so.2
7f84f27f1000-7f84f27f3000 rw-p 00036000 00:23aa 4611686019027979912      /nix/store/4nlgxhb09sdr51nc9hdm8az5b08vzkgx-glibc-2.35-163/lib/ld-linux-x86-64.so.2
7fffde745000-7fffde769000 rw-p 00000000 00:00 0                          [stack]
7fffde7ad000-7fffde7b1000 r--p 00000000 00:00 0                          [vvar]
7fffde7b1000-7fffde7b3000 r-xp 00000000 00:00 0                          [vdso]
ffffffffff600000-ffffffffff601000 --xp 00000000 00:00 0                  [vsyscall]


VM Arguments:
jvm_args: -XX:ThreadPriorityPolicy=1 -XX:+UnlockExperimentalVMOptions -XX:+EnableJVMCIProduct -XX:JVMCIThreadsPerNativeLibraryRuntime=1 -XX:-UnlockExperimentalVMOptions -Declipse.application=org.eclipse.jdt.ls.core.id1 -Dosgi.bundles.defaultStartLevel=4 -Declipse.product=org.eclipse.jdt.ls.core.product -Dlog.level=ALL -Xverify:none -XX:+UseParallelGC -XX:GCTimeRatio=4 -XX:AdaptiveSizePolicyWeight=90 -Dsun.zip.disableMemoryMapping=true -Xmx512m -Xms100m 
java_command: /nix/store/m6gcpi1ii6rghy04cjwjddcavv7i90df-jdt-language-server-1.9.0/share/java/plugins/org.eclipse.equinox.launcher_1.6.400.v20210924-0641.jar --add-modules=ALL-SYSTEM --add-opens java.base/java.util=ALL-UNNAMED --add-opens java.base/java.lang=ALL-UNNAMED -configuration /home/runner/.cache/jdt-language-server/config -data /home/runner/.cache/jdt-language-server/data/home/runner/class1-1
java_class_path (initial): /nix/store/m6gcpi1ii6rghy04cjwjddcavv7i90df-jdt-language-server-1.9.0/share/java/plugins/org.eclipse.equinox.launcher_1.6.400.v20210924-0641.jar
Launcher Type: SUN_STANDARD

[Global flags]
    uintx AdaptiveSizePolicyWeight                 = 90                                        {product} {command line}
     intx CICompilerCount                          = 2                                         {product} {ergonomic}
     bool EnableJVMCIProduct                       = true                                {JVMCI product} {jimage}
    uintx GCTimeRatio                              = 4                                         {product} {command line}
   size_t InitialHeapSize                          = 104857600                                 {product} {command line}
     uint JVMCIThreadsPerNativeLibraryRuntime      = 1                                   {JVMCI product} {jimage}
   size_t MaxHeapSize                              = 536870912                                 {product} {command line}
   size_t MaxNewSize                               = 178782208                                 {product} {ergonomic}
   size_t MinHeapDeltaBytes                        = 524288                                    {product} {ergonomic}
   size_t MinHeapSize                              = 104857600                                 {product} {command line}
   size_t NewSize                                  = 34603008                                  {product} {ergonomic}
    uintx NonNMethodCodeHeapSize                   = 5826188                                {pd product} {ergonomic}
    uintx NonProfiledCodeHeapSize                  = 122916026                              {pd product} {ergonomic}
   size_t OldSize                                  = 70254592                                  {product} {ergonomic}
    uintx ProfiledCodeHeapSize                     = 122916026                              {pd product} {ergonomic}
    uintx ReservedCodeCacheSize                    = 251658240                              {pd product} {ergonomic}
     bool SegmentedCodeCache                       = true                                      {product} {ergonomic}
   size_t SoftMaxHeapSize                          = 536870912                              {manageable} {ergonomic}
     intx ThreadPriorityPolicy                     = 1                                         {product} {jimage}
     bool UseCompressedClassPointers               = true                           {product lp64_product} {ergonomic}
     bool UseCompressedOops                        = true                           {product lp64_product} {ergonomic}
     bool UseParallelGC                            = true                                      {product} {command line}

Logging:
Log output configuration:
 #0: stdout all=warning uptime,level,tags
 #1: stderr all=off uptime,level,tags

Environment Variables:
JAVA_HOME=/nix/store/gpxl5qgg8kicmcvivwmybwjlpf7wh20l-graalvm17-ce-22.3.0
PATH=/nix/store/1d6ian3r8kdzspw8hacjhl3xkp40g1lj-binutils-wrapper-2.39/bin:/nix/store/dq0xwmsk1g0i2ayg6pb7y87na2knzylh-gcc-wrapper-11.3.0/bin:/nix/store/bap4d0lpcrhpwmpb8ayjcgkmvfj62lnq-bash-interactive-5.1-p16/bin:/nix/store/pr5n59mb4jzmfx6kanwxly0l07p861fg-patchelf-0.15.0/bin:/nix/store/1gf2flfqnpqbr1b4p4qz2f72y42bs56r-gcc-11.3.0/bin:/nix/store/57xv61c5zi8pphjbcwxxjlgc34p61ic9-glibc-2.35-163-bin/bin:/nix/store/a7gvj343m05j2s32xcnwr35v31ynlypr-coreutils-9.1/bin:/nix/store/039g378vc3pc3dvi9dzdlrd0i4q93qwf-binutils-2.39/bin:/nix/store/gpxl5qgg8kicmcvivwmybwjlpf7wh20l-graalvm17-ce-22.3.0/bin:/nix/store/6z9ag3ihc8mq2hzsw48lhbznvzny65nz-apache-maven-3.8.6/bin:/nix/store/m6gcpi1ii6rghy04cjwjddcavv7i90df-jdt-language-server-1.9.0/bin:/nix/store/84xs5alhs01zrbr4ywm05kxbjbp5590l-java-debug/bin:/nix/store/mydc6f4k2z73xlcz7ilif3v2lcaiqvza-findutils-4.9.0/bin:/nix/store/j9p3g8472iijd50vhdprx0nmk2fqn5gv-diffutils-3.8/bin:/nix/store/89zs7rms6x00xfq4dq6m7mjnhkr8a6r4-gnused-4.8/bin:/nix/store/86bp03jkmsl6f92w0yzg4s59g5mhxwmy-gnugrep-3.7/bin:/nix/store/hwcdqw4jrjnd37wxqgsd47hd0j8bnj09-gawk-5.1.1/bin:/nix/store/cfbhw8r8ags41vwqaz47r583d0p4h4a1-gnutar-1.34/bin:/nix/store/p3m1ndl1lapwrlh698bnb5lvvxh67378-gzip-1.12/bin:/nix/store/a8mhcagrsly7c7mpjrpsnaahk4aax056-bzip2-1.0.8-bin/bin:/nix/store/mblgz65m3zv9x548a3d5m96fj2pbwr09-gnumake-4.3/bin:/nix/store/dsd5gz46hdbdk2rfdimqddhq6m8m8fqs-bash-5.1-p16/bin:/nix/store/v7ljksji50mg3w61dykaa3n3y79n6nil-patch-2.7.6/bin:/nix/store/zlcnmqq14jz5x9439jf937mvayyl63da-xz-5.2.7-bin/bin:/nix/store/y6aj732zm9m87c82fpvf103a1xb22blp-file-5.43/bin:/nix/store/i4kzir3m7mrisxmf5xvlnkw01x4qaqr4-prybar-elisp-0.0.0-e0d9a52/bin:/nix/store/lwwivxf6h7x3cvxp9zv8sj0mv7dak99r-prybar-lua-0.0.0-e0d9a52/bin:/nix/store/gxj28g1cg4hq3qanmjv07156h800qr58-prybar-python3-0.0.0-e0d9a52/bin:/nix/store/hshkjnxrgidigf8x75vg6lqng2xlx9i3-prybar-sqlite-0.0.0-e0d9a52/bin:/nix/store/c4w01bpjgyy5ixmwdk8m1pw87zq4sl26-prybar-tcl-0.0.0-e0d9a52/bin:/nix/store/hpbvrlwd5viqmvcaisb3x0118i913a9n-st
LD_LIBRARY_PATH=/nix/store/a4pff549sk2idnkpzk5nsfps3mdkdnvm-cups-2.4.2-lib/lib:/nix/store/72mqxxhh3cy5yifh92wh2yb8cl2hikyy-cairo-1.16.0/lib:/nix/store/2k366jrbsra97gjfxwvrhvixjfxdach5-glib-2.74.1/lib:/nix/store/2j2znigd8ak37rlwh9khz0ry3clqlw1l-gtk+3-3.24.34/lib:/nix/store/hisqvx32cd57apbpcsnkpx6k3549wql1-libglvnd-1.4.0/lib:/nix/store/p36pgcv991mq5srvg765b78yqpxvk3qs-mesa-21.3.3-drivers/lib:/nix/store/mav4251if1ahjq5vkpwycyyvnmy459c4-pulseaudio-14.2/lib
DISPLAY=:0
LANG=en_US.UTF-8

Signal Handlers:
   SIGSEGV: crash_handler in libjvm.so, mask=11100100010111111101111111111110, flags=SA_RESTART|SA_SIGINFO
    SIGBUS: crash_handler in libjvm.so, mask=11100100010111111101111111111110, flags=SA_RESTART|SA_SIGINFO
    SIGFPE: crash_handler in libjvm.so, mask=11100100010111111101111111111110, flags=SA_RESTART|SA_SIGINFO
   SIGPIPE: IsolateEnterStub_IgnoreSIGPIPEStartupHook_noopSignalHandler_8f19bff2f35b5f630d83b364d6b2339320d4ec70_216e8361c6bc87a8f89f58cc10d3b2fd4415bf87 in libjvmcicompiler.so, mask=00000000000000000000000000000000, flags=SA_RESTART
  *** Handler was modified!
  *** Expected: javaSignalHandler in libjvm.so, mask=11100100110111111111111111111110, flags=SA_RESTART|SA_SIGINFO
   SIGXFSZ: javaSignalHandler in libjvm.so, mask=11100100010111111101111111111110, flags=SA_RESTART|SA_SIGINFO
    SIGILL: crash_handler in libjvm.so, mask=11100100010111111101111111111110, flags=SA_RESTART|SA_SIGINFO
   SIGUSR2: SR_handler in libjvm.so, mask=00000000000000000000000000000000, flags=SA_RESTART|SA_SIGINFO
    SIGHUP: UserHandler in libjvm.so, mask=11100100010111111101111111111110, flags=SA_RESTART|SA_SIGINFO
    SIGINT: UserHandler in libjvm.so, mask=11100100010111111101111111111110, flags=SA_RESTART|SA_SIGINFO
   SIGTERM: UserHandler in libjvm.so, mask=11100100010111111101111111111110, flags=SA_RESTART|SA_SIGINFO
   SIGQUIT: UserHandler in libjvm.so, mask=11100100010111111101111111111110, flags=SA_RESTART|SA_SIGINFO
  *** Handler was modified!
  *** Expected: javaSignalHandler in libjvm.so, mask=11100100110111111111111111111110, flags=SA_RESTART|SA_SIGINFO
   SIGTRAP: crash_handler in libjvm.so, mask=11100100010111111101111111111110, flags=SA_RESTART|SA_SIGINFO


---------------  S Y S T E M  ---------------

OS:
DISTRIB_ID=Ubuntu
DISTRIB_RELEASE=20.04
DISTRIB_CODENAME=focal
DISTRIB_DESCRIPTION="Ubuntu 20.04.2 LTS"
uname: Linux 5.19.0-1025-gcp #27~22.04.1-Ubuntu SMP Wed May 24 03:53:01 UTC 2023 x86_64
OS uptime: 0 days 11:25 hours
libc: glibc 2.35 NPTL 2.35 
rlimit (soft/hard): STACK 8192k/infinity , CORE infinity/infinity , NPROC infinity/infinity , NOFILE 5242/5242 , AS infinity/infinity , CPU infinity/infinity , DATA infinity/infinity , FSIZE infinity/infinity , MEMLOCK 8192k/8192k
load average: 14.59 15.38 16.17

/proc/meminfo:
MemTotal:       65852244 kB
MemFree:         5317276 kB
MemAvailable:   37645012 kB
Buffers:         3614284 kB
Cached:         26994436 kB
SwapCached:            0 kB
Active:         13951720 kB
Inactive:       41991960 kB
Active(anon):      18568 kB
Inactive(anon): 24903140 kB
Active(file):   13933152 kB
Inactive(file): 17088820 kB
Unevictable:       56644 kB
Mlocked:           56644 kB
SwapTotal:             0 kB
SwapFree:              0 kB
Zswap:                 0 kB
Zswapped:              0 kB
Dirty:              5796 kB
Writeback:           324 kB
AnonPages:      24122432 kB
Mapped:          2029908 kB
Shmem:             47516 kB
KReclaimable:    2032364 kB
Slab:            3261076 kB
SReclaimable:    2032364 kB
SUnreclaim:      1228712 kB
KernelStack:      517552 kB
PageTables:       279296 kB
NFS_Unstable:          0 kB
Bounce:                0 kB
WritebackTmp:          0 kB
CommitLimit:    32926120 kB
Committed_AS:   93115324 kB
VmallocTotal:   34359738367 kB
VmallocUsed:      564532 kB
VmallocChunk:          0 kB
Percpu:            67840 kB
HardwareCorrupted:     0 kB
AnonHugePages:   3938304 kB
ShmemHugePages:        0 kB
ShmemPmdMapped:        0 kB
FileHugePages:         0 kB
FilePmdMapped:         0 kB
HugePages_Total:       0
HugePages_Free:        0
HugePages_Rsvd:        0
HugePages_Surp:        0
Hugepagesize:       2048 kB
Hugetlb:               0 kB
DirectMap4k:    10527544 kB
DirectMap2M:    54480896 kB
DirectMap1G:     4194304 kB

/sys/kernel/mm/transparent_hugepage/enabled: always [madvise] never
/sys/kernel/mm/transparent_hugepage/defrag (defrag/compaction efforts parameter): always defer defer+madvise [madvise] never

Process Memory:
Virtual Size: 4788860K (peak: 4874044K)
Resident Set Size: 736904K (peak: 769316K) (anon: 543180K, file: 193724K, shmem: 0K)
Swapped out: 0K
C-Heap outstanding allocations: 40872K, retained: 10351K
glibc malloc tunables: (default)

/proc/sys/kernel/threads-max (system-wide limit on the number of threads): 514406
/proc/sys/vm/max_map_count (maximum number of memory map areas a process may have): 65530
/proc/sys/kernel/pid_max (system-wide limit on number of process identifiers): 4194304

container (cgroup) information:
container_type: cgroupv1
cpu_cpuset_cpus: 2-7
cpu_memory_nodes: 0
active_processor_count: 1
cpu_quota: 50000
cpu_period: 100000
cpu_shares: 512
memory_limit_in_bytes: 1048576 k
memory_and_swap_limit_in_bytes: 1048576 k
memory_soft_limit_in_bytes: 524288 k
memory_usage_in_bytes: 601484 k
memory_max_usage_in_bytes: 618452 k
maximum number of tasks: 1000
current number of tasks: 46

KVM virtualization detected
Steal ticks since vm start: 0
Steal ticks percentage since vm start:  0.000

CPU: total 8 (initial active 1) (8 cores per cpu, 2 threads per core) family 23 model 49 stepping 0 microcode 0xffffffff, cx8, cmov, fxsr, ht, mmx, 3dnowpref, sse, sse2, sse3, ssse3, sse4a, sse4.1, sse4.2, popcnt, lzcnt, tsc, tscinvbit, avx, avx2, aes, clmul, bmi1, bmi2, adx, sha, fma, vzeroupper, clflush, clflushopt, hv
CPU Model and flags from /proc/cpuinfo:
model name	: AMD EPYC 7B12
flags		: fpu vme de pse tsc msr pae mce cx8 apic sep mtrr pge mca cmov pat pse36 clflush mmx fxsr sse sse2 ht syscall nx mmxext fxsr_opt pdpe1gb rdtscp lm constant_tsc rep_good nopl nonstop_tsc cpuid extd_apicid tsc_known_freq pni pclmulqdq ssse3 fma cx16 sse4_1 sse4_2 movbe popcnt aes xsave avx f16c rdrand hypervisor lahf_lm cmp_legacy cr8_legacy abm sse4a misalignsse 3dnowprefetch osvw topoext ssbd ibrs ibpb stibp vmmcall fsgsbase tsc_adjust bmi1 avx2 smep bmi2 rdseed adx smap clflushopt clwb sha_ni xsaveopt xsavec xgetbv1 clzero xsaveerptr arat npt nrip_save umip rdpid

Online cpus: 0-7
Offline cpus: 
BIOS frequency limitation: <Not Available>
Frequency switch latency (ns): <Not Available>
Available cpu frequencies: <Not Available>
Current governor: <Not Available>
Core performance/turbo boost: <Not Available>

Memory: 4k page, physical 1048576k(447080k free), swap 0k(0k free)
Page Sizes: 4k

vm_info: OpenJDK 64-Bit Server VM (17.0.5+8-jvmci-22.3-b08) for linux-amd64 JRE (17.0.5+8-jvmci-22.3-b08), built on Oct 19 2022 09:01:27 by "buildslave" with gcc 10.3.0

END.
